<?xml version="1.0" encoding="UTF-8"?>
<testsuite xmlns:xsi="http://www.w3.org/2001/XMLSchema-instance" xsi:noNamespaceSchemaLocation="https://maven.apache.org/surefire/maven-surefire-plugin/xsd/surefire-test-report-3.0.xsd" version="3.0" name="com.hackerrank.stocktrade.requests.ResourcesControllerTest" time="0.153" tests="1" errors="1" skipped="0" failures="0">
  <properties>
    <property name="java.specification.version" value="17"/>
    <property name="sun.jnu.encoding" value="UTF-8"/>
    <property name="java.class.path" value="/Users/linds/IdeaProjects/stock_trade_api_dataset/target/test-classes:/Users/linds/IdeaProjects/stock_trade_api_dataset/target/classes:/Users/linds/.m2/repository/org/springframework/boot/spring-boot-starter-data-jpa/2.1.1.RELEASE/spring-boot-starter-data-jpa-2.1.1.RELEASE.jar:/Users/linds/.m2/repository/org/springframework/boot/spring-boot-starter-aop/2.1.1.RELEASE/spring-boot-starter-aop-2.1.1.RELEASE.jar:/Users/linds/.m2/repository/org/springframework/spring-aop/5.1.3.RELEASE/spring-aop-5.1.3.RELEASE.jar:/Users/linds/.m2/repository/org/aspectj/aspectjweaver/1.9.2/aspectjweaver-1.9.2.jar:/Users/linds/.m2/repository/org/springframework/boot/spring-boot-starter-jdbc/2.1.1.RELEASE/spring-boot-starter-jdbc-2.1.1.RELEASE.jar:/Users/linds/.m2/repository/com/zaxxer/HikariCP/3.2.0/HikariCP-3.2.0.jar:/Users/linds/.m2/repository/org/springframework/spring-jdbc/5.1.3.RELEASE/spring-jdbc-5.1.3.RELEASE.jar:/Users/linds/.m2/repository/javax/transaction/javax.transaction-api/1.3/javax.transaction-api-1.3.jar:/Users/linds/.m2/repository/javax/xml/bind/jaxb-api/2.3.1/jaxb-api-2.3.1.jar:/Users/linds/.m2/repository/javax/activation/javax.activation-api/1.2.0/javax.activation-api-1.2.0.jar:/Users/linds/.m2/repository/org/hibernate/hibernate-core/5.3.7.Final/hibernate-core-5.3.7.Final.jar:/Users/linds/.m2/repository/org/jboss/logging/jboss-logging/3.3.2.Final/jboss-logging-3.3.2.Final.jar:/Users/linds/.m2/repository/javax/persistence/javax.persistence-api/2.2/javax.persistence-api-2.2.jar:/Users/linds/.m2/repository/org/javassist/javassist/3.23.1-GA/javassist-3.23.1-GA.jar:/Users/linds/.m2/repository/net/bytebuddy/byte-buddy/1.9.5/byte-buddy-1.9.5.jar:/Users/linds/.m2/repository/antlr/antlr/2.7.7/antlr-2.7.7.jar:/Users/linds/.m2/repository/org/jboss/jandex/2.0.5.Final/jandex-2.0.5.Final.jar:/Users/linds/.m2/repository/com/fasterxml/classmate/1.4.0/classmate-1.4.0.jar:/Users/linds/.m2/repository/org/dom4j/dom4j/2.1.1/dom4j-2.1.1.jar:/Users/linds/.m2/repository/org/hibernate/common/hibernate-commons-annotations/5.0.4.Final/hibernate-commons-annotations-5.0.4.Final.jar:/Users/linds/.m2/repository/org/springframework/data/spring-data-jpa/2.1.3.RELEASE/spring-data-jpa-2.1.3.RELEASE.jar:/Users/linds/.m2/repository/org/springframework/data/spring-data-commons/2.1.3.RELEASE/spring-data-commons-2.1.3.RELEASE.jar:/Users/linds/.m2/repository/org/springframework/spring-orm/5.1.3.RELEASE/spring-orm-5.1.3.RELEASE.jar:/Users/linds/.m2/repository/org/springframework/spring-context/5.1.3.RELEASE/spring-context-5.1.3.RELEASE.jar:/Users/linds/.m2/repository/org/springframework/spring-tx/5.1.3.RELEASE/spring-tx-5.1.3.RELEASE.jar:/Users/linds/.m2/repository/org/springframework/spring-beans/5.1.3.RELEASE/spring-beans-5.1.3.RELEASE.jar:/Users/linds/.m2/repository/org/slf4j/slf4j-api/1.7.25/slf4j-api-1.7.25.jar:/Users/linds/.m2/repository/org/springframework/spring-aspects/5.1.3.RELEASE/spring-aspects-5.1.3.RELEASE.jar:/Users/linds/.m2/repository/org/springframework/boot/spring-boot-starter-web/2.1.1.RELEASE/spring-boot-starter-web-2.1.1.RELEASE.jar:/Users/linds/.m2/repository/org/springframework/boot/spring-boot-starter/2.1.1.RELEASE/spring-boot-starter-2.1.1.RELEASE.jar:/Users/linds/.m2/repository/org/springframework/boot/spring-boot-starter-logging/2.1.1.RELEASE/spring-boot-starter-logging-2.1.1.RELEASE.jar:/Users/linds/.m2/repository/ch/qos/logback/logback-classic/1.2.3/logback-classic-1.2.3.jar:/Users/linds/.m2/repository/ch/qos/logback/logback-core/1.2.3/logback-core-1.2.3.jar:/Users/linds/.m2/repository/org/apache/logging/log4j/log4j-to-slf4j/2.11.1/log4j-to-slf4j-2.11.1.jar:/Users/linds/.m2/repository/org/apache/logging/log4j/log4j-api/2.11.1/log4j-api-2.11.1.jar:/Users/linds/.m2/repository/org/slf4j/jul-to-slf4j/1.7.25/jul-to-slf4j-1.7.25.jar:/Users/linds/.m2/repository/javax/annotation/javax.annotation-api/1.3.2/javax.annotation-api-1.3.2.jar:/Users/linds/.m2/repository/org/yaml/snakeyaml/1.23/snakeyaml-1.23.jar:/Users/linds/.m2/repository/org/springframework/boot/spring-boot-starter-json/2.1.1.RELEASE/spring-boot-starter-json-2.1.1.RELEASE.jar:/Users/linds/.m2/repository/com/fasterxml/jackson/datatype/jackson-datatype-jdk8/2.9.7/jackson-datatype-jdk8-2.9.7.jar:/Users/linds/.m2/repository/com/fasterxml/jackson/datatype/jackson-datatype-jsr310/2.9.7/jackson-datatype-jsr310-2.9.7.jar:/Users/linds/.m2/repository/com/fasterxml/jackson/module/jackson-module-parameter-names/2.9.7/jackson-module-parameter-names-2.9.7.jar:/Users/linds/.m2/repository/org/springframework/boot/spring-boot-starter-tomcat/2.1.1.RELEASE/spring-boot-starter-tomcat-2.1.1.RELEASE.jar:/Users/linds/.m2/repository/org/apache/tomcat/embed/tomcat-embed-core/9.0.13/tomcat-embed-core-9.0.13.jar:/Users/linds/.m2/repository/org/apache/tomcat/embed/tomcat-embed-el/9.0.13/tomcat-embed-el-9.0.13.jar:/Users/linds/.m2/repository/org/apache/tomcat/embed/tomcat-embed-websocket/9.0.13/tomcat-embed-websocket-9.0.13.jar:/Users/linds/.m2/repository/org/hibernate/validator/hibernate-validator/6.0.13.Final/hibernate-validator-6.0.13.Final.jar:/Users/linds/.m2/repository/javax/validation/validation-api/2.0.1.Final/validation-api-2.0.1.Final.jar:/Users/linds/.m2/repository/org/springframework/spring-web/5.1.3.RELEASE/spring-web-5.1.3.RELEASE.jar:/Users/linds/.m2/repository/org/springframework/spring-webmvc/5.1.3.RELEASE/spring-webmvc-5.1.3.RELEASE.jar:/Users/linds/.m2/repository/org/springframework/spring-expression/5.1.3.RELEASE/spring-expression-5.1.3.RELEASE.jar:/Users/linds/.m2/repository/com/h2database/h2/1.4.197/h2-1.4.197.jar:/Users/linds/.m2/repository/org/springframework/boot/spring-boot-devtools/2.1.1.RELEASE/spring-boot-devtools-2.1.1.RELEASE.jar:/Users/linds/.m2/repository/org/springframework/boot/spring-boot/2.1.1.RELEASE/spring-boot-2.1.1.RELEASE.jar:/Users/linds/.m2/repository/org/springframework/boot/spring-boot-autoconfigure/2.1.1.RELEASE/spring-boot-autoconfigure-2.1.1.RELEASE.jar:/Users/linds/.m2/repository/org/springframework/spring-test/5.1.3.RELEASE/spring-test-5.1.3.RELEASE.jar:/Users/linds/.m2/repository/org/springframework/spring-core/5.1.3.RELEASE/spring-core-5.1.3.RELEASE.jar:/Users/linds/.m2/repository/org/springframework/spring-jcl/5.1.3.RELEASE/spring-jcl-5.1.3.RELEASE.jar:/Users/linds/.m2/repository/org/springframework/boot/spring-boot-test/2.1.1.RELEASE/spring-boot-test-2.1.1.RELEASE.jar:/Users/linds/.m2/repository/org/springframework/boot/spring-boot-test-autoconfigure/2.1.1.RELEASE/spring-boot-test-autoconfigure-2.1.1.RELEASE.jar:/Users/linds/.m2/repository/junit/junit/4.12/junit-4.12.jar:/Users/linds/.m2/repository/org/hamcrest/hamcrest-core/1.3/hamcrest-core-1.3.jar:/Users/linds/.m2/repository/com/hackerrank/applications/junit-ordered-test-runner/1.0.2/junit-ordered-test-runner-1.0.2.jar:/Users/linds/.m2/repository/com/fasterxml/jackson/core/jackson-databind/2.9.7/jackson-databind-2.9.7.jar:/Users/linds/.m2/repository/com/fasterxml/jackson/core/jackson-annotations/2.9.0/jackson-annotations-2.9.0.jar:/Users/linds/.m2/repository/com/fasterxml/jackson/core/jackson-core/2.9.7/jackson-core-2.9.7.jar:/Users/linds/.m2/repository/commons-lang/commons-lang/2.6/commons-lang-2.6.jar:/Users/linds/.m2/repository/org/jdom/jdom/1.1/jdom-1.1.jar:"/>
    <property name="java.vm.vendor" value="Oracle Corporation"/>
    <property name="sun.arch.data.model" value="64"/>
    <property name="java.vendor.url" value="https://java.oracle.com/"/>
    <property name="user.timezone" value="Africa/Johannesburg"/>
    <property name="os.name" value="Mac OS X"/>
    <property name="java.vm.specification.version" value="17"/>
    <property name="sun.java.launcher" value="SUN_STANDARD"/>
    <property name="user.country" value="GB"/>
    <property name="sun.boot.library.path" value="/Library/Java/JavaVirtualMachines/jdk-17.0.3.1.jdk/Contents/Home/lib"/>
    <property name="sun.java.command" value="/Users/linds/IdeaProjects/stock_trade_api_dataset/target/surefire/surefirebooter-20250208100642233_3.jar /Users/linds/IdeaProjects/stock_trade_api_dataset/target/surefire 2025-02-08T10-06-42_114-jvmRun1 surefire-20250208100642233_1tmp surefire_0-20250208100642233_2tmp"/>
    <property name="http.nonProxyHosts" value="dns.google|*.dns.google|one.one.one.one|*.one.one.one.one|ocsp.digicert.com|*.ocsp.digicert.com"/>
    <property name="jdk.debug" value="release"/>
    <property name="surefire.test.class.path" value="/Users/linds/IdeaProjects/stock_trade_api_dataset/target/test-classes:/Users/linds/IdeaProjects/stock_trade_api_dataset/target/classes:/Users/linds/.m2/repository/org/springframework/boot/spring-boot-starter-data-jpa/2.1.1.RELEASE/spring-boot-starter-data-jpa-2.1.1.RELEASE.jar:/Users/linds/.m2/repository/org/springframework/boot/spring-boot-starter-aop/2.1.1.RELEASE/spring-boot-starter-aop-2.1.1.RELEASE.jar:/Users/linds/.m2/repository/org/springframework/spring-aop/5.1.3.RELEASE/spring-aop-5.1.3.RELEASE.jar:/Users/linds/.m2/repository/org/aspectj/aspectjweaver/1.9.2/aspectjweaver-1.9.2.jar:/Users/linds/.m2/repository/org/springframework/boot/spring-boot-starter-jdbc/2.1.1.RELEASE/spring-boot-starter-jdbc-2.1.1.RELEASE.jar:/Users/linds/.m2/repository/com/zaxxer/HikariCP/3.2.0/HikariCP-3.2.0.jar:/Users/linds/.m2/repository/org/springframework/spring-jdbc/5.1.3.RELEASE/spring-jdbc-5.1.3.RELEASE.jar:/Users/linds/.m2/repository/javax/transaction/javax.transaction-api/1.3/javax.transaction-api-1.3.jar:/Users/linds/.m2/repository/javax/xml/bind/jaxb-api/2.3.1/jaxb-api-2.3.1.jar:/Users/linds/.m2/repository/javax/activation/javax.activation-api/1.2.0/javax.activation-api-1.2.0.jar:/Users/linds/.m2/repository/org/hibernate/hibernate-core/5.3.7.Final/hibernate-core-5.3.7.Final.jar:/Users/linds/.m2/repository/org/jboss/logging/jboss-logging/3.3.2.Final/jboss-logging-3.3.2.Final.jar:/Users/linds/.m2/repository/javax/persistence/javax.persistence-api/2.2/javax.persistence-api-2.2.jar:/Users/linds/.m2/repository/org/javassist/javassist/3.23.1-GA/javassist-3.23.1-GA.jar:/Users/linds/.m2/repository/net/bytebuddy/byte-buddy/1.9.5/byte-buddy-1.9.5.jar:/Users/linds/.m2/repository/antlr/antlr/2.7.7/antlr-2.7.7.jar:/Users/linds/.m2/repository/org/jboss/jandex/2.0.5.Final/jandex-2.0.5.Final.jar:/Users/linds/.m2/repository/com/fasterxml/classmate/1.4.0/classmate-1.4.0.jar:/Users/linds/.m2/repository/org/dom4j/dom4j/2.1.1/dom4j-2.1.1.jar:/Users/linds/.m2/repository/org/hibernate/common/hibernate-commons-annotations/5.0.4.Final/hibernate-commons-annotations-5.0.4.Final.jar:/Users/linds/.m2/repository/org/springframework/data/spring-data-jpa/2.1.3.RELEASE/spring-data-jpa-2.1.3.RELEASE.jar:/Users/linds/.m2/repository/org/springframework/data/spring-data-commons/2.1.3.RELEASE/spring-data-commons-2.1.3.RELEASE.jar:/Users/linds/.m2/repository/org/springframework/spring-orm/5.1.3.RELEASE/spring-orm-5.1.3.RELEASE.jar:/Users/linds/.m2/repository/org/springframework/spring-context/5.1.3.RELEASE/spring-context-5.1.3.RELEASE.jar:/Users/linds/.m2/repository/org/springframework/spring-tx/5.1.3.RELEASE/spring-tx-5.1.3.RELEASE.jar:/Users/linds/.m2/repository/org/springframework/spring-beans/5.1.3.RELEASE/spring-beans-5.1.3.RELEASE.jar:/Users/linds/.m2/repository/org/slf4j/slf4j-api/1.7.25/slf4j-api-1.7.25.jar:/Users/linds/.m2/repository/org/springframework/spring-aspects/5.1.3.RELEASE/spring-aspects-5.1.3.RELEASE.jar:/Users/linds/.m2/repository/org/springframework/boot/spring-boot-starter-web/2.1.1.RELEASE/spring-boot-starter-web-2.1.1.RELEASE.jar:/Users/linds/.m2/repository/org/springframework/boot/spring-boot-starter/2.1.1.RELEASE/spring-boot-starter-2.1.1.RELEASE.jar:/Users/linds/.m2/repository/org/springframework/boot/spring-boot-starter-logging/2.1.1.RELEASE/spring-boot-starter-logging-2.1.1.RELEASE.jar:/Users/linds/.m2/repository/ch/qos/logback/logback-classic/1.2.3/logback-classic-1.2.3.jar:/Users/linds/.m2/repository/ch/qos/logback/logback-core/1.2.3/logback-core-1.2.3.jar:/Users/linds/.m2/repository/org/apache/logging/log4j/log4j-to-slf4j/2.11.1/log4j-to-slf4j-2.11.1.jar:/Users/linds/.m2/repository/org/apache/logging/log4j/log4j-api/2.11.1/log4j-api-2.11.1.jar:/Users/linds/.m2/repository/org/slf4j/jul-to-slf4j/1.7.25/jul-to-slf4j-1.7.25.jar:/Users/linds/.m2/repository/javax/annotation/javax.annotation-api/1.3.2/javax.annotation-api-1.3.2.jar:/Users/linds/.m2/repository/org/yaml/snakeyaml/1.23/snakeyaml-1.23.jar:/Users/linds/.m2/repository/org/springframework/boot/spring-boot-starter-json/2.1.1.RELEASE/spring-boot-starter-json-2.1.1.RELEASE.jar:/Users/linds/.m2/repository/com/fasterxml/jackson/datatype/jackson-datatype-jdk8/2.9.7/jackson-datatype-jdk8-2.9.7.jar:/Users/linds/.m2/repository/com/fasterxml/jackson/datatype/jackson-datatype-jsr310/2.9.7/jackson-datatype-jsr310-2.9.7.jar:/Users/linds/.m2/repository/com/fasterxml/jackson/module/jackson-module-parameter-names/2.9.7/jackson-module-parameter-names-2.9.7.jar:/Users/linds/.m2/repository/org/springframework/boot/spring-boot-starter-tomcat/2.1.1.RELEASE/spring-boot-starter-tomcat-2.1.1.RELEASE.jar:/Users/linds/.m2/repository/org/apache/tomcat/embed/tomcat-embed-core/9.0.13/tomcat-embed-core-9.0.13.jar:/Users/linds/.m2/repository/org/apache/tomcat/embed/tomcat-embed-el/9.0.13/tomcat-embed-el-9.0.13.jar:/Users/linds/.m2/repository/org/apache/tomcat/embed/tomcat-embed-websocket/9.0.13/tomcat-embed-websocket-9.0.13.jar:/Users/linds/.m2/repository/org/hibernate/validator/hibernate-validator/6.0.13.Final/hibernate-validator-6.0.13.Final.jar:/Users/linds/.m2/repository/javax/validation/validation-api/2.0.1.Final/validation-api-2.0.1.Final.jar:/Users/linds/.m2/repository/org/springframework/spring-web/5.1.3.RELEASE/spring-web-5.1.3.RELEASE.jar:/Users/linds/.m2/repository/org/springframework/spring-webmvc/5.1.3.RELEASE/spring-webmvc-5.1.3.RELEASE.jar:/Users/linds/.m2/repository/org/springframework/spring-expression/5.1.3.RELEASE/spring-expression-5.1.3.RELEASE.jar:/Users/linds/.m2/repository/com/h2database/h2/1.4.197/h2-1.4.197.jar:/Users/linds/.m2/repository/org/springframework/boot/spring-boot-devtools/2.1.1.RELEASE/spring-boot-devtools-2.1.1.RELEASE.jar:/Users/linds/.m2/repository/org/springframework/boot/spring-boot/2.1.1.RELEASE/spring-boot-2.1.1.RELEASE.jar:/Users/linds/.m2/repository/org/springframework/boot/spring-boot-autoconfigure/2.1.1.RELEASE/spring-boot-autoconfigure-2.1.1.RELEASE.jar:/Users/linds/.m2/repository/org/springframework/spring-test/5.1.3.RELEASE/spring-test-5.1.3.RELEASE.jar:/Users/linds/.m2/repository/org/springframework/spring-core/5.1.3.RELEASE/spring-core-5.1.3.RELEASE.jar:/Users/linds/.m2/repository/org/springframework/spring-jcl/5.1.3.RELEASE/spring-jcl-5.1.3.RELEASE.jar:/Users/linds/.m2/repository/org/springframework/boot/spring-boot-test/2.1.1.RELEASE/spring-boot-test-2.1.1.RELEASE.jar:/Users/linds/.m2/repository/org/springframework/boot/spring-boot-test-autoconfigure/2.1.1.RELEASE/spring-boot-test-autoconfigure-2.1.1.RELEASE.jar:/Users/linds/.m2/repository/junit/junit/4.12/junit-4.12.jar:/Users/linds/.m2/repository/org/hamcrest/hamcrest-core/1.3/hamcrest-core-1.3.jar:/Users/linds/.m2/repository/com/hackerrank/applications/junit-ordered-test-runner/1.0.2/junit-ordered-test-runner-1.0.2.jar:/Users/linds/.m2/repository/com/fasterxml/jackson/core/jackson-databind/2.9.7/jackson-databind-2.9.7.jar:/Users/linds/.m2/repository/com/fasterxml/jackson/core/jackson-annotations/2.9.0/jackson-annotations-2.9.0.jar:/Users/linds/.m2/repository/com/fasterxml/jackson/core/jackson-core/2.9.7/jackson-core-2.9.7.jar:/Users/linds/.m2/repository/commons-lang/commons-lang/2.6/commons-lang-2.6.jar:/Users/linds/.m2/repository/org/jdom/jdom/1.1/jdom-1.1.jar:"/>
    <property name="sun.cpu.endian" value="little"/>
    <property name="user.home" value="/Users/linds"/>
    <property name="user.language" value="en"/>
    <property name="java.specification.vendor" value="Oracle Corporation"/>
    <property name="java.version.date" value="2022-04-22"/>
    <property name="java.home" value="/Library/Java/JavaVirtualMachines/jdk-17.0.3.1.jdk/Contents/Home"/>
    <property name="file.separator" value="/"/>
    <property name="basedir" value="/Users/linds/IdeaProjects/stock_trade_api_dataset"/>
    <property name="java.vm.compressedOopsMode" value="Zero based"/>
    <property name="line.separator" value="&#10;"/>
    <property name="java.specification.name" value="Java Platform API Specification"/>
    <property name="java.vm.specification.vendor" value="Oracle Corporation"/>
    <property name="java.awt.headless" value="true"/>
    <property name="surefire.real.class.path" value="/Users/linds/IdeaProjects/stock_trade_api_dataset/target/surefire/surefirebooter-20250208100642233_3.jar"/>
    <property name="sun.management.compiler" value="HotSpot 64-Bit Tiered Compilers"/>
    <property name="ftp.nonProxyHosts" value="dns.google|*.dns.google|one.one.one.one|*.one.one.one.one|ocsp.digicert.com|*.ocsp.digicert.com"/>
    <property name="java.runtime.version" value="17.0.3.1+2-LTS-6"/>
    <property name="user.name" value="linds"/>
    <property name="path.separator" value=":"/>
    <property name="os.version" value="12.7.2"/>
    <property name="java.runtime.name" value="Java(TM) SE Runtime Environment"/>
    <property name="file.encoding" value="UTF-8"/>
    <property name="spring.beaninfo.ignore" value="true"/>
    <property name="java.vm.name" value="Java HotSpot(TM) 64-Bit Server VM"/>
    <property name="localRepository" value="/Users/linds/.m2/repository"/>
    <property name="java.vendor.url.bug" value="https://bugreport.java.com/bugreport/"/>
    <property name="java.io.tmpdir" value="/var/folders/v6/xktfrtqd19s9n3hh_b_w364h0000gn/T/"/>
    <property name="com.zaxxer.hikari.pool_number" value="1"/>
    <property name="java.version" value="17.0.3.1"/>
    <property name="user.dir" value="/Users/linds/IdeaProjects/stock_trade_api_dataset"/>
    <property name="os.arch" value="x86_64"/>
    <property name="java.vm.specification.name" value="Java Virtual Machine Specification"/>
    <property name="PID" value="4601"/>
    <property name="native.encoding" value="UTF-8"/>
    <property name="java.library.path" value="/Users/linds/Library/Java/Extensions:/Library/Java/Extensions:/Network/Library/Java/Extensions:/System/Library/Java/Extensions:/usr/lib/java:."/>
    <property name="java.vm.info" value="mixed mode, sharing"/>
    <property name="java.vendor" value="Oracle Corporation"/>
    <property name="java.vm.version" value="17.0.3.1+2-LTS-6"/>
    <property name="sun.io.unicode.encoding" value="UnicodeBig"/>
    <property name="socksNonProxyHosts" value="dns.google|*.dns.google|one.one.one.one|*.one.one.one.one|ocsp.digicert.com|*.ocsp.digicert.com"/>
    <property name="java.class.version" value="61.0"/>
  </properties>
  <testcase name="eraseAllRecords" classname="com.hackerrank.stocktrade.requests.ResourcesControllerTest" time="0.147">
    <error message="Request processing failed; nested exception is org.springframework.orm.jpa.JpaSystemException: More than one row with the given identifier was found: 1, for class: com.hackerrank.stocktrade.model.Trade; nested exception is org.hibernate.HibernateException: More than one row with the given identifier was found: 1, for class: com.hackerrank.stocktrade.model.Trade" type="org.springframework.web.util.NestedServletException"><![CDATA[org.springframework.web.util.NestedServletException: Request processing failed; nested exception is org.springframework.orm.jpa.JpaSystemException: More than one row with the given identifier was found: 1, for class: com.hackerrank.stocktrade.model.Trade; nested exception is org.hibernate.HibernateException: More than one row with the given identifier was found: 1, for class: com.hackerrank.stocktrade.model.Trade
	at org.springframework.web.servlet.FrameworkServlet.processRequest(FrameworkServlet.java:1013)
	at org.springframework.web.servlet.FrameworkServlet.doDelete(FrameworkServlet.java:930)
	at javax.servlet.http.HttpServlet.service(HttpServlet.java:666)
	at org.springframework.web.servlet.FrameworkServlet.service(FrameworkServlet.java:882)
	at org.springframework.test.web.servlet.TestDispatcherServlet.service(TestDispatcherServlet.java:71)
	at javax.servlet.http.HttpServlet.service(HttpServlet.java:741)
	at org.springframework.mock.web.MockFilterChain$ServletFilterProxy.doFilter(MockFilterChain.java:166)
	at org.springframework.mock.web.MockFilterChain.doFilter(MockFilterChain.java:133)
	at org.springframework.web.filter.RequestContextFilter.doFilterInternal(RequestContextFilter.java:99)
	at org.springframework.web.filter.OncePerRequestFilter.doFilter(OncePerRequestFilter.java:107)
	at org.springframework.mock.web.MockFilterChain.doFilter(MockFilterChain.java:133)
	at org.springframework.web.filter.FormContentFilter.doFilterInternal(FormContentFilter.java:92)
	at org.springframework.web.filter.OncePerRequestFilter.doFilter(OncePerRequestFilter.java:107)
	at org.springframework.mock.web.MockFilterChain.doFilter(MockFilterChain.java:133)
	at org.springframework.web.filter.HiddenHttpMethodFilter.doFilterInternal(HiddenHttpMethodFilter.java:93)
	at org.springframework.web.filter.OncePerRequestFilter.doFilter(OncePerRequestFilter.java:107)
	at org.springframework.mock.web.MockFilterChain.doFilter(MockFilterChain.java:133)
	at org.springframework.web.filter.CharacterEncodingFilter.doFilterInternal(CharacterEncodingFilter.java:200)
	at org.springframework.web.filter.OncePerRequestFilter.doFilter(OncePerRequestFilter.java:107)
	at org.springframework.mock.web.MockFilterChain.doFilter(MockFilterChain.java:133)
	at org.springframework.test.web.servlet.MockMvc.perform(MockMvc.java:182)
	at com.hackerrank.stocktrade.requests.ResourcesControllerTest.eraseAllRecords(ResourcesControllerTest.java:57)
	at java.base/jdk.internal.reflect.NativeMethodAccessorImpl.invoke0(Native Method)
	at java.base/jdk.internal.reflect.NativeMethodAccessorImpl.invoke(NativeMethodAccessorImpl.java:77)
	at java.base/jdk.internal.reflect.DelegatingMethodAccessorImpl.invoke(DelegatingMethodAccessorImpl.java:43)
	at java.base/java.lang.reflect.Method.invoke(Method.java:568)
	at org.junit.runners.model.FrameworkMethod$1.runReflectiveCall(FrameworkMethod.java:50)
	at org.junit.internal.runners.model.ReflectiveCallable.run(ReflectiveCallable.java:12)
	at org.junit.runners.model.FrameworkMethod.invokeExplosively(FrameworkMethod.java:47)
	at org.junit.internal.runners.statements.InvokeMethod.evaluate(InvokeMethod.java:17)
	at org.springframework.test.context.junit4.statements.RunBeforeTestMethodCallbacks.evaluate(RunBeforeTestMethodCallbacks.java:75)
	at org.springframework.test.context.junit4.statements.RunAfterTestMethodCallbacks.evaluate(RunAfterTestMethodCallbacks.java:86)
	at org.springframework.test.context.junit4.statements.RunPrepareTestInstanceCallbacks.evaluate(RunPrepareTestInstanceCallbacks.java:64)
	at org.springframework.test.context.junit4.statements.SpringRepeat.evaluate(SpringRepeat.java:84)
	at org.springframework.test.context.junit4.statements.SpringFailOnTimeout.evaluate(SpringFailOnTimeout.java:87)
	at org.springframework.test.context.junit4.statements.ProfileValueChecker.evaluate(ProfileValueChecker.java:103)
	at org.junit.rules.TestWatcher$1.evaluate(TestWatcher.java:55)
	at org.junit.rules.RunRules.evaluate(RunRules.java:20)
	at org.junit.runners.ParentRunner.runLeaf(ParentRunner.java:325)
	at org.junit.runners.BlockJUnit4ClassRunner.runChild(BlockJUnit4ClassRunner.java:78)
	at org.junit.runners.BlockJUnit4ClassRunner.runChild(BlockJUnit4ClassRunner.java:57)
	at org.junit.runners.ParentRunner$3.run(ParentRunner.java:290)
	at org.junit.runners.ParentRunner$1.schedule(ParentRunner.java:71)
	at org.junit.runners.ParentRunner.runChildren(ParentRunner.java:288)
	at org.junit.runners.ParentRunner.access$000(ParentRunner.java:58)
	at org.junit.runners.ParentRunner$2.evaluate(ParentRunner.java:268)
	at org.junit.internal.runners.statements.RunBefores.evaluate(RunBefores.java:26)
	at org.junit.internal.runners.statements.RunAfters.evaluate(RunAfters.java:27)
	at org.springframework.test.context.junit4.statements.RunBeforeTestClassCallbacks.evaluate(RunBeforeTestClassCallbacks.java:61)
	at org.springframework.test.context.junit4.statements.RunAfterTestClassCallbacks.evaluate(RunAfterTestClassCallbacks.java:70)
	at org.springframework.test.context.junit4.statements.ProfileValueChecker.evaluate(ProfileValueChecker.java:103)
	at org.springframework.test.context.junit4.rules.SpringClassRule$TestContextManagerCacheEvictor.evaluate(SpringClassRule.java:190)
	at org.junit.rules.RunRules.evaluate(RunRules.java:20)
	at org.junit.runners.ParentRunner.run(ParentRunner.java:363)
	at org.apache.maven.surefire.junit4.JUnit4Provider.execute(JUnit4Provider.java:316)
	at org.apache.maven.surefire.junit4.JUnit4Provider.executeWithRerun(JUnit4Provider.java:240)
	at org.apache.maven.surefire.junit4.JUnit4Provider.executeTestSet(JUnit4Provider.java:214)
	at org.apache.maven.surefire.junit4.JUnit4Provider.invoke(JUnit4Provider.java:155)
	at org.apache.maven.surefire.booter.ForkedBooter.runSuitesInProcess(ForkedBooter.java:385)
	at org.apache.maven.surefire.booter.ForkedBooter.execute(ForkedBooter.java:162)
	at org.apache.maven.surefire.booter.ForkedBooter.run(ForkedBooter.java:507)
	at org.apache.maven.surefire.booter.ForkedBooter.main(ForkedBooter.java:495)
Caused by: org.springframework.orm.jpa.JpaSystemException: More than one row with the given identifier was found: 1, for class: com.hackerrank.stocktrade.model.Trade; nested exception is org.hibernate.HibernateException: More than one row with the given identifier was found: 1, for class: com.hackerrank.stocktrade.model.Trade
	at org.springframework.orm.jpa.vendor.HibernateJpaDialect.convertHibernateAccessException(HibernateJpaDialect.java:351)
	at org.springframework.orm.jpa.vendor.HibernateJpaDialect.translateExceptionIfPossible(HibernateJpaDialect.java:253)
	at org.springframework.orm.jpa.AbstractEntityManagerFactoryBean.translateExceptionIfPossible(AbstractEntityManagerFactoryBean.java:527)
	at org.springframework.dao.support.ChainedPersistenceExceptionTranslator.translateExceptionIfPossible(ChainedPersistenceExceptionTranslator.java:61)
	at org.springframework.dao.support.DataAccessUtils.translateIfNecessary(DataAccessUtils.java:242)
	at org.springframework.dao.support.PersistenceExceptionTranslationInterceptor.invoke(PersistenceExceptionTranslationInterceptor.java:153)
	at org.springframework.aop.framework.ReflectiveMethodInvocation.proceed(ReflectiveMethodInvocation.java:186)
	at org.springframework.data.jpa.repository.support.CrudMethodMetadataPostProcessor$CrudMethodMetadataPopulatingMethodInterceptor.invoke(CrudMethodMetadataPostProcessor.java:135)
	at org.springframework.aop.framework.ReflectiveMethodInvocation.proceed(ReflectiveMethodInvocation.java:186)
	at org.springframework.aop.interceptor.ExposeInvocationInterceptor.invoke(ExposeInvocationInterceptor.java:93)
	at org.springframework.aop.framework.ReflectiveMethodInvocation.proceed(ReflectiveMethodInvocation.java:186)
	at org.springframework.data.repository.core.support.SurroundingTransactionDetectorMethodInterceptor.invoke(SurroundingTransactionDetectorMethodInterceptor.java:61)
	at org.springframework.aop.framework.ReflectiveMethodInvocation.proceed(ReflectiveMethodInvocation.java:186)
	at org.springframework.aop.framework.JdkDynamicAopProxy.invoke(JdkDynamicAopProxy.java:212)
	at jdk.proxy2/jdk.proxy2.$Proxy105.findAll(Unknown Source)
	at com.hackerrank.stocktrade.service.ResourcesService.eraseAllTradesRecordsIncludingUserRecords(ResourcesService.java:23)
	at com.hackerrank.stocktrade.controller.ResourcesController.eraseAllTrades(ResourcesController.java:26)
	at java.base/jdk.internal.reflect.NativeMethodAccessorImpl.invoke0(Native Method)
	at java.base/jdk.internal.reflect.NativeMethodAccessorImpl.invoke(NativeMethodAccessorImpl.java:77)
	at java.base/jdk.internal.reflect.DelegatingMethodAccessorImpl.invoke(DelegatingMethodAccessorImpl.java:43)
	at java.base/java.lang.reflect.Method.invoke(Method.java:568)
	at org.springframework.web.method.support.InvocableHandlerMethod.doInvoke(InvocableHandlerMethod.java:189)
	at org.springframework.web.method.support.InvocableHandlerMethod.invokeForRequest(InvocableHandlerMethod.java:138)
	at org.springframework.web.servlet.mvc.method.annotation.ServletInvocableHandlerMethod.invokeAndHandle(ServletInvocableHandlerMethod.java:102)
	at org.springframework.web.servlet.mvc.method.annotation.RequestMappingHandlerAdapter.invokeHandlerMethod(RequestMappingHandlerAdapter.java:895)
	at org.springframework.web.servlet.mvc.method.annotation.RequestMappingHandlerAdapter.handleInternal(RequestMappingHandlerAdapter.java:800)
	at org.springframework.web.servlet.mvc.method.AbstractHandlerMethodAdapter.handle(AbstractHandlerMethodAdapter.java:87)
	at org.springframework.web.servlet.DispatcherServlet.doDispatch(DispatcherServlet.java:1038)
	at org.springframework.web.servlet.DispatcherServlet.doService(DispatcherServlet.java:942)
	at org.springframework.web.servlet.FrameworkServlet.processRequest(FrameworkServlet.java:1005)
	... 61 more
Caused by: org.hibernate.HibernateException: More than one row with the given identifier was found: 1, for class: com.hackerrank.stocktrade.model.Trade
	at org.hibernate.loader.entity.AbstractEntityLoader.load(AbstractEntityLoader.java:90)
	at org.hibernate.loader.entity.EntityLoader.loadByUniqueKey(EntityLoader.java:144)
	at org.hibernate.persister.entity.AbstractEntityPersister.loadByUniqueKey(AbstractEntityPersister.java:2351)
	at org.hibernate.type.EntityType.loadByUniqueKey(EntityType.java:739)
	at org.hibernate.type.EntityType.resolve(EntityType.java:467)
	at org.hibernate.engine.internal.TwoPhaseLoad.doInitializeEntity(TwoPhaseLoad.java:172)
	at org.hibernate.engine.internal.TwoPhaseLoad.initializeEntity(TwoPhaseLoad.java:129)
	at org.hibernate.loader.plan.exec.process.internal.AbstractRowReader.performTwoPhaseLoad(AbstractRowReader.java:238)
	at org.hibernate.loader.plan.exec.process.internal.AbstractRowReader.finishUp(AbstractRowReader.java:209)
	at org.hibernate.loader.plan.exec.process.internal.ResultSetProcessorImpl.extractResults(ResultSetProcessorImpl.java:133)
	at org.hibernate.loader.plan.exec.internal.AbstractLoadPlanBasedLoader.executeLoad(AbstractLoadPlanBasedLoader.java:122)
	at org.hibernate.loader.plan.exec.internal.AbstractLoadPlanBasedLoader.executeLoad(AbstractLoadPlanBasedLoader.java:86)
	at org.hibernate.loader.entity.plan.AbstractLoadPlanBasedEntityLoader.load(AbstractLoadPlanBasedEntityLoader.java:188)
	at org.hibernate.persister.entity.AbstractEntityPersister.load(AbstractEntityPersister.java:4269)
	at org.hibernate.event.internal.DefaultLoadEventListener.loadFromDatasource(DefaultLoadEventListener.java:511)
	at org.hibernate.event.internal.DefaultLoadEventListener.doLoad(DefaultLoadEventListener.java:481)
	at org.hibernate.event.internal.DefaultLoadEventListener.load(DefaultLoadEventListener.java:222)
	at org.hibernate.event.internal.DefaultLoadEventListener.proxyOrLoad(DefaultLoadEventListener.java:281)
	at org.hibernate.event.internal.DefaultLoadEventListener.doOnLoad(DefaultLoadEventListener.java:124)
	at org.hibernate.event.internal.DefaultLoadEventListener.onLoad(DefaultLoadEventListener.java:92)
	at org.hibernate.internal.SessionImpl.fireLoad(SessionImpl.java:1257)
	at org.hibernate.internal.SessionImpl.internalLoad(SessionImpl.java:1140)
	at org.hibernate.type.EntityType.resolveIdentifier(EntityType.java:682)
	at org.hibernate.type.EntityType.resolve(EntityType.java:464)
	at org.hibernate.type.ManyToOneType.resolve(ManyToOneType.java:239)
	at org.hibernate.engine.internal.TwoPhaseLoad.doInitializeEntity(TwoPhaseLoad.java:172)
	at org.hibernate.engine.internal.TwoPhaseLoad.initializeEntity(TwoPhaseLoad.java:129)
	at org.hibernate.loader.Loader.initializeEntitiesAndCollections(Loader.java:1151)
	at org.hibernate.loader.Loader.processResultSet(Loader.java:1010)
	at org.hibernate.loader.Loader.doQuery(Loader.java:948)
	at org.hibernate.loader.Loader.doQueryAndInitializeNonLazyCollections(Loader.java:340)
	at org.hibernate.loader.Loader.doList(Loader.java:2689)
	at org.hibernate.loader.Loader.doList(Loader.java:2672)
	at org.hibernate.loader.Loader.listIgnoreQueryCache(Loader.java:2506)
	at org.hibernate.loader.Loader.list(Loader.java:2501)
	at org.hibernate.loader.hql.QueryLoader.list(QueryLoader.java:504)
	at org.hibernate.hql.internal.ast.QueryTranslatorImpl.list(QueryTranslatorImpl.java:395)
	at org.hibernate.engine.query.spi.HQLQueryPlan.performList(HQLQueryPlan.java:220)
	at org.hibernate.internal.SessionImpl.list(SessionImpl.java:1508)
	at org.hibernate.query.internal.AbstractProducedQuery.doList(AbstractProducedQuery.java:1537)
	at org.hibernate.query.internal.AbstractProducedQuery.list(AbstractProducedQuery.java:1505)
	at org.hibernate.query.Query.getResultList(Query.java:135)
	at org.hibernate.query.criteria.internal.compile.CriteriaQueryTypeQueryAdapter.getResultList(CriteriaQueryTypeQueryAdapter.java:74)
	at org.springframework.data.jpa.repository.support.SimpleJpaRepository.findAll(SimpleJpaRepository.java:306)
	at org.springframework.data.jpa.repository.support.SimpleJpaRepository.findAll(SimpleJpaRepository.java:73)
	at java.base/jdk.internal.reflect.NativeMethodAccessorImpl.invoke0(Native Method)
	at java.base/jdk.internal.reflect.NativeMethodAccessorImpl.invoke(NativeMethodAccessorImpl.java:77)
	at java.base/jdk.internal.reflect.DelegatingMethodAccessorImpl.invoke(DelegatingMethodAccessorImpl.java:43)
	at java.base/java.lang.reflect.Method.invoke(Method.java:568)
	at org.springframework.data.repository.core.support.RepositoryComposition$RepositoryFragments.invoke(RepositoryComposition.java:359)
	at org.springframework.data.repository.core.support.RepositoryComposition.invoke(RepositoryComposition.java:200)
	at org.springframework.data.repository.core.support.RepositoryFactorySupport$ImplementationMethodExecutionInterceptor.invoke(RepositoryFactorySupport.java:644)
	at org.springframework.aop.framework.ReflectiveMethodInvocation.proceed(ReflectiveMethodInvocation.java:186)
	at org.springframework.data.repository.core.support.RepositoryFactorySupport$QueryExecutorMethodInterceptor.doInvoke(RepositoryFactorySupport.java:608)
	at org.springframework.data.repository.core.support.RepositoryFactorySupport$QueryExecutorMethodInterceptor.lambda$invoke$3(RepositoryFactorySupport.java:595)
	at org.springframework.data.repository.core.support.RepositoryFactorySupport$QueryExecutorMethodInterceptor.invoke(RepositoryFactorySupport.java:595)
	at org.springframework.aop.framework.ReflectiveMethodInvocation.proceed(ReflectiveMethodInvocation.java:186)
	at org.springframework.data.projection.DefaultMethodInvokingMethodInterceptor.invoke(DefaultMethodInvokingMethodInterceptor.java:59)
	at org.springframework.aop.framework.ReflectiveMethodInvocation.proceed(ReflectiveMethodInvocation.java:186)
	at org.springframework.transaction.interceptor.TransactionAspectSupport.invokeWithinTransaction(TransactionAspectSupport.java:294)
	at org.springframework.transaction.interceptor.TransactionInterceptor.invoke(TransactionInterceptor.java:98)
	at org.springframework.aop.framework.ReflectiveMethodInvocation.proceed(ReflectiveMethodInvocation.java:186)
	at org.springframework.dao.support.PersistenceExceptionTranslationInterceptor.invoke(PersistenceExceptionTranslationInterceptor.java:139)
	... 85 more
]]></error>
    <system-out><![CDATA[2025-02-08 10:06:48.064  INFO 4601 --- [           main] .b.t.c.SpringBootTestContextBootstrapper : Neither @ContextConfiguration nor @ContextHierarchy found for test class [com.hackerrank.stocktrade.requests.ResourcesControllerTest], using SpringBootContextLoader
2025-02-08 10:06:48.065  INFO 4601 --- [           main] o.s.t.c.support.AbstractContextLoader    : Could not detect default resource locations for test class [com.hackerrank.stocktrade.requests.ResourcesControllerTest]: no resource found for suffixes {-context.xml, Context.groovy}.
2025-02-08 10:06:48.065  INFO 4601 --- [           main] t.c.s.AnnotationConfigContextLoaderUtils : Could not detect default configuration classes for test class [com.hackerrank.stocktrade.requests.ResourcesControllerTest]: ResourcesControllerTest does not declare any static, non-private, non-final, nested classes annotated with @Configuration.
2025-02-08 10:06:48.067  INFO 4601 --- [           main] .b.t.c.SpringBootTestContextBootstrapper : Found @SpringBootConfiguration com.hackerrank.stocktrade.Application for test class com.hackerrank.stocktrade.requests.ResourcesControllerTest
2025-02-08 10:06:48.069  INFO 4601 --- [           main] .b.t.c.SpringBootTestContextBootstrapper : Loaded default TestExecutionListener class names from location [META-INF/spring.factories]: [org.springframework.test.context.web.ServletTestExecutionListener, org.springframework.test.context.support.DirtiesContextBeforeModesTestExecutionListener, org.springframework.test.context.support.DependencyInjectionTestExecutionListener, org.springframework.test.context.support.DirtiesContextTestExecutionListener, org.springframework.test.context.transaction.TransactionalTestExecutionListener, org.springframework.test.context.jdbc.SqlScriptsTestExecutionListener, org.springframework.boot.test.mock.mockito.MockitoTestExecutionListener, org.springframework.boot.test.mock.mockito.ResetMocksTestExecutionListener, org.springframework.boot.test.autoconfigure.restdocs.RestDocsTestExecutionListener, org.springframework.boot.test.autoconfigure.web.client.MockRestServiceServerResetTestExecutionListener, org.springframework.boot.test.autoconfigure.web.servlet.MockMvcPrintOnlyOnFailureTestExecutionListener, org.springframework.boot.test.autoconfigure.web.servlet.WebDriverTestExecutionListener]
2025-02-08 10:06:48.071  INFO 4601 --- [           main] .b.t.c.SpringBootTestContextBootstrapper : Using TestExecutionListeners: [org.springframework.test.context.web.ServletTestExecutionListener@7e84a52b, org.springframework.test.context.support.DirtiesContextBeforeModesTestExecutionListener@40199d5e, org.springframework.boot.test.mock.mockito.MockitoTestExecutionListener@5693d1d2, org.springframework.boot.test.autoconfigure.SpringBootDependencyInjectionTestExecutionListener@571c7572, org.springframework.test.context.support.DirtiesContextTestExecutionListener@c6a3f47, org.springframework.test.context.transaction.TransactionalTestExecutionListener@15a0f9, org.springframework.test.context.jdbc.SqlScriptsTestExecutionListener@4840ec68, org.springframework.boot.test.mock.mockito.ResetMocksTestExecutionListener@7cc3a7f7, org.springframework.boot.test.autoconfigure.restdocs.RestDocsTestExecutionListener@210e2f2f, org.springframework.boot.test.autoconfigure.web.client.MockRestServiceServerResetTestExecutionListener@c31419f, org.springframework.boot.test.autoconfigure.web.servlet.MockMvcPrintOnlyOnFailureTestExecutionListener@43dddfdd, org.springframework.boot.test.autoconfigure.web.servlet.WebDriverTestExecutionListener@22c0344e]
2025-02-08 10:06:48.075 DEBUG 4601 --- [           main] org.hibernate.SQL                        : select trade0_.id as id1_0_, trade0_.price as price2_0_, trade0_.shares as shares3_0_, trade0_.symbol as symbol4_0_, trade0_.timestamp as timestam5_0_, trade0_.type as type6_0_, trade0_.user_id as user_id7_0_ from trade trade0_
2025-02-08 10:06:48.078 DEBUG 4601 --- [           main] org.hibernate.SQL                        : select user0_.id as id1_1_0_, user0_.name as name2_1_0_, trade1_.id as id1_0_1_, trade1_.price as price2_0_1_, trade1_.shares as shares3_0_1_, trade1_.symbol as symbol4_0_1_, trade1_.timestamp as timestam5_0_1_, trade1_.type as type6_0_1_, trade1_.user_id as user_id7_0_1_ from user user0_ left outer join trade trade1_ on user0_.id=trade1_.user_id where user0_.id=?
2025-02-08 10:06:48.079 TRACE 4601 --- [           main] o.h.type.descriptor.sql.BasicBinder      : binding parameter [1] as [BIGINT] - [1]
2025-02-08 10:06:48.083 DEBUG 4601 --- [           main] org.hibernate.SQL                        : select trade0_.id as id1_0_1_, trade0_.price as price2_0_1_, trade0_.shares as shares3_0_1_, trade0_.symbol as symbol4_0_1_, trade0_.timestamp as timestam5_0_1_, trade0_.type as type6_0_1_, trade0_.user_id as user_id7_0_1_, user1_.id as id1_1_0_, user1_.name as name2_1_0_ from trade trade0_ left outer join user user1_ on trade0_.user_id=user1_.id where trade0_.user_id=?
2025-02-08 10:06:48.083 TRACE 4601 --- [           main] o.h.type.descriptor.sql.BasicBinder      : binding parameter [1] as [BIGINT] - [1]
2025-02-08 10:06:48.087  INFO 4601 --- [           main] o.h.e.internal.DefaultLoadEventListener  : HHH000327: Error performing load command : org.hibernate.HibernateException: More than one row with the given identifier was found: 1, for class: com.hackerrank.stocktrade.model.Trade

org.hibernate.HibernateException: More than one row with the given identifier was found: 1, for class: com.hackerrank.stocktrade.model.Trade
	at org.hibernate.loader.entity.AbstractEntityLoader.load(AbstractEntityLoader.java:90) ~[hibernate-core-5.3.7.Final.jar:5.3.7.Final]
	at org.hibernate.loader.entity.EntityLoader.loadByUniqueKey(EntityLoader.java:144) ~[hibernate-core-5.3.7.Final.jar:5.3.7.Final]
	at org.hibernate.persister.entity.AbstractEntityPersister.loadByUniqueKey(AbstractEntityPersister.java:2351) ~[hibernate-core-5.3.7.Final.jar:5.3.7.Final]
	at org.hibernate.type.EntityType.loadByUniqueKey(EntityType.java:739) ~[hibernate-core-5.3.7.Final.jar:5.3.7.Final]
	at org.hibernate.type.EntityType.resolve(EntityType.java:467) ~[hibernate-core-5.3.7.Final.jar:5.3.7.Final]
	at org.hibernate.engine.internal.TwoPhaseLoad.doInitializeEntity(TwoPhaseLoad.java:172) ~[hibernate-core-5.3.7.Final.jar:5.3.7.Final]
	at org.hibernate.engine.internal.TwoPhaseLoad.initializeEntity(TwoPhaseLoad.java:129) ~[hibernate-core-5.3.7.Final.jar:5.3.7.Final]
	at org.hibernate.loader.plan.exec.process.internal.AbstractRowReader.performTwoPhaseLoad(AbstractRowReader.java:238) ~[hibernate-core-5.3.7.Final.jar:5.3.7.Final]
	at org.hibernate.loader.plan.exec.process.internal.AbstractRowReader.finishUp(AbstractRowReader.java:209) ~[hibernate-core-5.3.7.Final.jar:5.3.7.Final]
	at org.hibernate.loader.plan.exec.process.internal.ResultSetProcessorImpl.extractResults(ResultSetProcessorImpl.java:133) ~[hibernate-core-5.3.7.Final.jar:5.3.7.Final]
	at org.hibernate.loader.plan.exec.internal.AbstractLoadPlanBasedLoader.executeLoad(AbstractLoadPlanBasedLoader.java:122) ~[hibernate-core-5.3.7.Final.jar:5.3.7.Final]
	at org.hibernate.loader.plan.exec.internal.AbstractLoadPlanBasedLoader.executeLoad(AbstractLoadPlanBasedLoader.java:86) ~[hibernate-core-5.3.7.Final.jar:5.3.7.Final]
	at org.hibernate.loader.entity.plan.AbstractLoadPlanBasedEntityLoader.load(AbstractLoadPlanBasedEntityLoader.java:188) ~[hibernate-core-5.3.7.Final.jar:5.3.7.Final]
	at org.hibernate.persister.entity.AbstractEntityPersister.load(AbstractEntityPersister.java:4269) ~[hibernate-core-5.3.7.Final.jar:5.3.7.Final]
	at org.hibernate.event.internal.DefaultLoadEventListener.loadFromDatasource(DefaultLoadEventListener.java:511) ~[hibernate-core-5.3.7.Final.jar:5.3.7.Final]
	at org.hibernate.event.internal.DefaultLoadEventListener.doLoad(DefaultLoadEventListener.java:481) ~[hibernate-core-5.3.7.Final.jar:5.3.7.Final]
	at org.hibernate.event.internal.DefaultLoadEventListener.load(DefaultLoadEventListener.java:222) ~[hibernate-core-5.3.7.Final.jar:5.3.7.Final]
	at org.hibernate.event.internal.DefaultLoadEventListener.proxyOrLoad(DefaultLoadEventListener.java:281) ~[hibernate-core-5.3.7.Final.jar:5.3.7.Final]
	at org.hibernate.event.internal.DefaultLoadEventListener.doOnLoad(DefaultLoadEventListener.java:124) ~[hibernate-core-5.3.7.Final.jar:5.3.7.Final]
	at org.hibernate.event.internal.DefaultLoadEventListener.onLoad(DefaultLoadEventListener.java:92) ~[hibernate-core-5.3.7.Final.jar:5.3.7.Final]
	at org.hibernate.internal.SessionImpl.fireLoad(SessionImpl.java:1257) ~[hibernate-core-5.3.7.Final.jar:5.3.7.Final]
	at org.hibernate.internal.SessionImpl.internalLoad(SessionImpl.java:1140) ~[hibernate-core-5.3.7.Final.jar:5.3.7.Final]
	at org.hibernate.type.EntityType.resolveIdentifier(EntityType.java:682) ~[hibernate-core-5.3.7.Final.jar:5.3.7.Final]
	at org.hibernate.type.EntityType.resolve(EntityType.java:464) ~[hibernate-core-5.3.7.Final.jar:5.3.7.Final]
	at org.hibernate.type.ManyToOneType.resolve(ManyToOneType.java:239) ~[hibernate-core-5.3.7.Final.jar:5.3.7.Final]
	at org.hibernate.engine.internal.TwoPhaseLoad.doInitializeEntity(TwoPhaseLoad.java:172) ~[hibernate-core-5.3.7.Final.jar:5.3.7.Final]
	at org.hibernate.engine.internal.TwoPhaseLoad.initializeEntity(TwoPhaseLoad.java:129) ~[hibernate-core-5.3.7.Final.jar:5.3.7.Final]
	at org.hibernate.loader.Loader.initializeEntitiesAndCollections(Loader.java:1151) ~[hibernate-core-5.3.7.Final.jar:5.3.7.Final]
	at org.hibernate.loader.Loader.processResultSet(Loader.java:1010) ~[hibernate-core-5.3.7.Final.jar:5.3.7.Final]
	at org.hibernate.loader.Loader.doQuery(Loader.java:948) ~[hibernate-core-5.3.7.Final.jar:5.3.7.Final]
	at org.hibernate.loader.Loader.doQueryAndInitializeNonLazyCollections(Loader.java:340) ~[hibernate-core-5.3.7.Final.jar:5.3.7.Final]
	at org.hibernate.loader.Loader.doList(Loader.java:2689) ~[hibernate-core-5.3.7.Final.jar:5.3.7.Final]
	at org.hibernate.loader.Loader.doList(Loader.java:2672) ~[hibernate-core-5.3.7.Final.jar:5.3.7.Final]
	at org.hibernate.loader.Loader.listIgnoreQueryCache(Loader.java:2506) ~[hibernate-core-5.3.7.Final.jar:5.3.7.Final]
	at org.hibernate.loader.Loader.list(Loader.java:2501) ~[hibernate-core-5.3.7.Final.jar:5.3.7.Final]
	at org.hibernate.loader.hql.QueryLoader.list(QueryLoader.java:504) ~[hibernate-core-5.3.7.Final.jar:5.3.7.Final]
	at org.hibernate.hql.internal.ast.QueryTranslatorImpl.list(QueryTranslatorImpl.java:395) ~[hibernate-core-5.3.7.Final.jar:5.3.7.Final]
	at org.hibernate.engine.query.spi.HQLQueryPlan.performList(HQLQueryPlan.java:220) ~[hibernate-core-5.3.7.Final.jar:5.3.7.Final]
	at org.hibernate.internal.SessionImpl.list(SessionImpl.java:1508) ~[hibernate-core-5.3.7.Final.jar:5.3.7.Final]
	at org.hibernate.query.internal.AbstractProducedQuery.doList(AbstractProducedQuery.java:1537) ~[hibernate-core-5.3.7.Final.jar:5.3.7.Final]
	at org.hibernate.query.internal.AbstractProducedQuery.list(AbstractProducedQuery.java:1505) ~[hibernate-core-5.3.7.Final.jar:5.3.7.Final]
	at org.hibernate.query.Query.getResultList(Query.java:135) ~[hibernate-core-5.3.7.Final.jar:5.3.7.Final]
	at org.hibernate.query.criteria.internal.compile.CriteriaQueryTypeQueryAdapter.getResultList(CriteriaQueryTypeQueryAdapter.java:74) ~[hibernate-core-5.3.7.Final.jar:5.3.7.Final]
	at org.springframework.data.jpa.repository.support.SimpleJpaRepository.findAll(SimpleJpaRepository.java:306) ~[spring-data-jpa-2.1.3.RELEASE.jar:2.1.3.RELEASE]
	at org.springframework.data.jpa.repository.support.SimpleJpaRepository.findAll(SimpleJpaRepository.java:73) ~[spring-data-jpa-2.1.3.RELEASE.jar:2.1.3.RELEASE]
	at java.base/jdk.internal.reflect.NativeMethodAccessorImpl.invoke0(Native Method) ~[na:na]
	at java.base/jdk.internal.reflect.NativeMethodAccessorImpl.invoke(NativeMethodAccessorImpl.java:77) ~[na:na]
	at java.base/jdk.internal.reflect.DelegatingMethodAccessorImpl.invoke(DelegatingMethodAccessorImpl.java:43) ~[na:na]
	at java.base/java.lang.reflect.Method.invoke(Method.java:568) ~[na:na]
	at org.springframework.data.repository.core.support.RepositoryComposition$RepositoryFragments.invoke(RepositoryComposition.java:359) ~[spring-data-commons-2.1.3.RELEASE.jar:2.1.3.RELEASE]
	at org.springframework.data.repository.core.support.RepositoryComposition.invoke(RepositoryComposition.java:200) ~[spring-data-commons-2.1.3.RELEASE.jar:2.1.3.RELEASE]
	at org.springframework.data.repository.core.support.RepositoryFactorySupport$ImplementationMethodExecutionInterceptor.invoke(RepositoryFactorySupport.java:644) ~[spring-data-commons-2.1.3.RELEASE.jar:2.1.3.RELEASE]
	at org.springframework.aop.framework.ReflectiveMethodInvocation.proceed(ReflectiveMethodInvocation.java:186) ~[spring-aop-5.1.3.RELEASE.jar:5.1.3.RELEASE]
	at org.springframework.data.repository.core.support.RepositoryFactorySupport$QueryExecutorMethodInterceptor.doInvoke(RepositoryFactorySupport.java:608) ~[spring-data-commons-2.1.3.RELEASE.jar:2.1.3.RELEASE]
	at org.springframework.data.repository.core.support.RepositoryFactorySupport$QueryExecutorMethodInterceptor.lambda$invoke$3(RepositoryFactorySupport.java:595) ~[spring-data-commons-2.1.3.RELEASE.jar:2.1.3.RELEASE]
	at org.springframework.data.repository.core.support.RepositoryFactorySupport$QueryExecutorMethodInterceptor.invoke(RepositoryFactorySupport.java:595) ~[spring-data-commons-2.1.3.RELEASE.jar:2.1.3.RELEASE]
	at org.springframework.aop.framework.ReflectiveMethodInvocation.proceed(ReflectiveMethodInvocation.java:186) ~[spring-aop-5.1.3.RELEASE.jar:5.1.3.RELEASE]
	at org.springframework.data.projection.DefaultMethodInvokingMethodInterceptor.invoke(DefaultMethodInvokingMethodInterceptor.java:59) ~[spring-data-commons-2.1.3.RELEASE.jar:2.1.3.RELEASE]
	at org.springframework.aop.framework.ReflectiveMethodInvocation.proceed(ReflectiveMethodInvocation.java:186) ~[spring-aop-5.1.3.RELEASE.jar:5.1.3.RELEASE]
	at org.springframework.transaction.interceptor.TransactionAspectSupport.invokeWithinTransaction(TransactionAspectSupport.java:294) ~[spring-tx-5.1.3.RELEASE.jar:5.1.3.RELEASE]
	at org.springframework.transaction.interceptor.TransactionInterceptor.invoke(TransactionInterceptor.java:98) ~[spring-tx-5.1.3.RELEASE.jar:5.1.3.RELEASE]
	at org.springframework.aop.framework.ReflectiveMethodInvocation.proceed(ReflectiveMethodInvocation.java:186) ~[spring-aop-5.1.3.RELEASE.jar:5.1.3.RELEASE]
	at org.springframework.dao.support.PersistenceExceptionTranslationInterceptor.invoke(PersistenceExceptionTranslationInterceptor.java:139) ~[spring-tx-5.1.3.RELEASE.jar:5.1.3.RELEASE]
	at org.springframework.aop.framework.ReflectiveMethodInvocation.proceed(ReflectiveMethodInvocation.java:186) ~[spring-aop-5.1.3.RELEASE.jar:5.1.3.RELEASE]
	at org.springframework.data.jpa.repository.support.CrudMethodMetadataPostProcessor$CrudMethodMetadataPopulatingMethodInterceptor.invoke(CrudMethodMetadataPostProcessor.java:135) ~[spring-data-jpa-2.1.3.RELEASE.jar:2.1.3.RELEASE]
	at org.springframework.aop.framework.ReflectiveMethodInvocation.proceed(ReflectiveMethodInvocation.java:186) ~[spring-aop-5.1.3.RELEASE.jar:5.1.3.RELEASE]
	at org.springframework.aop.interceptor.ExposeInvocationInterceptor.invoke(ExposeInvocationInterceptor.java:93) ~[spring-aop-5.1.3.RELEASE.jar:5.1.3.RELEASE]
	at org.springframework.aop.framework.ReflectiveMethodInvocation.proceed(ReflectiveMethodInvocation.java:186) ~[spring-aop-5.1.3.RELEASE.jar:5.1.3.RELEASE]
	at org.springframework.data.repository.core.support.SurroundingTransactionDetectorMethodInterceptor.invoke(SurroundingTransactionDetectorMethodInterceptor.java:61) ~[spring-data-commons-2.1.3.RELEASE.jar:2.1.3.RELEASE]
	at org.springframework.aop.framework.ReflectiveMethodInvocation.proceed(ReflectiveMethodInvocation.java:186) ~[spring-aop-5.1.3.RELEASE.jar:5.1.3.RELEASE]
	at org.springframework.aop.framework.JdkDynamicAopProxy.invoke(JdkDynamicAopProxy.java:212) ~[spring-aop-5.1.3.RELEASE.jar:5.1.3.RELEASE]
	at jdk.proxy2/jdk.proxy2.$Proxy105.findAll(Unknown Source) ~[na:na]
	at com.hackerrank.stocktrade.service.ResourcesService.eraseAllTradesRecordsIncludingUserRecords(ResourcesService.java:23) ~[classes/:na]
	at com.hackerrank.stocktrade.controller.ResourcesController.eraseAllTrades(ResourcesController.java:26) ~[classes/:na]
	at java.base/jdk.internal.reflect.NativeMethodAccessorImpl.invoke0(Native Method) ~[na:na]
	at java.base/jdk.internal.reflect.NativeMethodAccessorImpl.invoke(NativeMethodAccessorImpl.java:77) ~[na:na]
	at java.base/jdk.internal.reflect.DelegatingMethodAccessorImpl.invoke(DelegatingMethodAccessorImpl.java:43) ~[na:na]
	at java.base/java.lang.reflect.Method.invoke(Method.java:568) ~[na:na]
	at org.springframework.web.method.support.InvocableHandlerMethod.doInvoke(InvocableHandlerMethod.java:189) ~[spring-web-5.1.3.RELEASE.jar:5.1.3.RELEASE]
	at org.springframework.web.method.support.InvocableHandlerMethod.invokeForRequest(InvocableHandlerMethod.java:138) ~[spring-web-5.1.3.RELEASE.jar:5.1.3.RELEASE]
	at org.springframework.web.servlet.mvc.method.annotation.ServletInvocableHandlerMethod.invokeAndHandle(ServletInvocableHandlerMethod.java:102) ~[spring-webmvc-5.1.3.RELEASE.jar:5.1.3.RELEASE]
	at org.springframework.web.servlet.mvc.method.annotation.RequestMappingHandlerAdapter.invokeHandlerMethod(RequestMappingHandlerAdapter.java:895) ~[spring-webmvc-5.1.3.RELEASE.jar:5.1.3.RELEASE]
	at org.springframework.web.servlet.mvc.method.annotation.RequestMappingHandlerAdapter.handleInternal(RequestMappingHandlerAdapter.java:800) ~[spring-webmvc-5.1.3.RELEASE.jar:5.1.3.RELEASE]
	at org.springframework.web.servlet.mvc.method.AbstractHandlerMethodAdapter.handle(AbstractHandlerMethodAdapter.java:87) ~[spring-webmvc-5.1.3.RELEASE.jar:5.1.3.RELEASE]
	at org.springframework.web.servlet.DispatcherServlet.doDispatch(DispatcherServlet.java:1038) ~[spring-webmvc-5.1.3.RELEASE.jar:5.1.3.RELEASE]
	at org.springframework.web.servlet.DispatcherServlet.doService(DispatcherServlet.java:942) ~[spring-webmvc-5.1.3.RELEASE.jar:5.1.3.RELEASE]
	at org.springframework.web.servlet.FrameworkServlet.processRequest(FrameworkServlet.java:1005) ~[spring-webmvc-5.1.3.RELEASE.jar:5.1.3.RELEASE]
	at org.springframework.web.servlet.FrameworkServlet.doDelete(FrameworkServlet.java:930) ~[spring-webmvc-5.1.3.RELEASE.jar:5.1.3.RELEASE]
	at javax.servlet.http.HttpServlet.service(HttpServlet.java:666) ~[tomcat-embed-core-9.0.13.jar:9.0.13]
	at org.springframework.web.servlet.FrameworkServlet.service(FrameworkServlet.java:882) ~[spring-webmvc-5.1.3.RELEASE.jar:5.1.3.RELEASE]
	at org.springframework.test.web.servlet.TestDispatcherServlet.service(TestDispatcherServlet.java:71) ~[spring-test-5.1.3.RELEASE.jar:5.1.3.RELEASE]
	at javax.servlet.http.HttpServlet.service(HttpServlet.java:741) ~[tomcat-embed-core-9.0.13.jar:9.0.13]
	at org.springframework.mock.web.MockFilterChain$ServletFilterProxy.doFilter(MockFilterChain.java:166) ~[spring-test-5.1.3.RELEASE.jar:5.1.3.RELEASE]
	at org.springframework.mock.web.MockFilterChain.doFilter(MockFilterChain.java:133) ~[spring-test-5.1.3.RELEASE.jar:5.1.3.RELEASE]
	at org.springframework.web.filter.RequestContextFilter.doFilterInternal(RequestContextFilter.java:99) ~[spring-web-5.1.3.RELEASE.jar:5.1.3.RELEASE]
	at org.springframework.web.filter.OncePerRequestFilter.doFilter(OncePerRequestFilter.java:107) ~[spring-web-5.1.3.RELEASE.jar:5.1.3.RELEASE]
	at org.springframework.mock.web.MockFilterChain.doFilter(MockFilterChain.java:133) ~[spring-test-5.1.3.RELEASE.jar:5.1.3.RELEASE]
	at org.springframework.web.filter.FormContentFilter.doFilterInternal(FormContentFilter.java:92) ~[spring-web-5.1.3.RELEASE.jar:5.1.3.RELEASE]
	at org.springframework.web.filter.OncePerRequestFilter.doFilter(OncePerRequestFilter.java:107) ~[spring-web-5.1.3.RELEASE.jar:5.1.3.RELEASE]
	at org.springframework.mock.web.MockFilterChain.doFilter(MockFilterChain.java:133) ~[spring-test-5.1.3.RELEASE.jar:5.1.3.RELEASE]
	at org.springframework.web.filter.HiddenHttpMethodFilter.doFilterInternal(HiddenHttpMethodFilter.java:93) ~[spring-web-5.1.3.RELEASE.jar:5.1.3.RELEASE]
	at org.springframework.web.filter.OncePerRequestFilter.doFilter(OncePerRequestFilter.java:107) ~[spring-web-5.1.3.RELEASE.jar:5.1.3.RELEASE]
	at org.springframework.mock.web.MockFilterChain.doFilter(MockFilterChain.java:133) ~[spring-test-5.1.3.RELEASE.jar:5.1.3.RELEASE]
	at org.springframework.web.filter.CharacterEncodingFilter.doFilterInternal(CharacterEncodingFilter.java:200) ~[spring-web-5.1.3.RELEASE.jar:5.1.3.RELEASE]
	at org.springframework.web.filter.OncePerRequestFilter.doFilter(OncePerRequestFilter.java:107) ~[spring-web-5.1.3.RELEASE.jar:5.1.3.RELEASE]
	at org.springframework.mock.web.MockFilterChain.doFilter(MockFilterChain.java:133) ~[spring-test-5.1.3.RELEASE.jar:5.1.3.RELEASE]
	at org.springframework.test.web.servlet.MockMvc.perform(MockMvc.java:182) ~[spring-test-5.1.3.RELEASE.jar:5.1.3.RELEASE]
	at com.hackerrank.stocktrade.requests.ResourcesControllerTest.eraseAllRecords(ResourcesControllerTest.java:57) ~[test-classes/:na]
	at java.base/jdk.internal.reflect.NativeMethodAccessorImpl.invoke0(Native Method) ~[na:na]
	at java.base/jdk.internal.reflect.NativeMethodAccessorImpl.invoke(NativeMethodAccessorImpl.java:77) ~[na:na]
	at java.base/jdk.internal.reflect.DelegatingMethodAccessorImpl.invoke(DelegatingMethodAccessorImpl.java:43) ~[na:na]
	at java.base/java.lang.reflect.Method.invoke(Method.java:568) ~[na:na]
	at org.junit.runners.model.FrameworkMethod$1.runReflectiveCall(FrameworkMethod.java:50) ~[junit-4.12.jar:4.12]
	at org.junit.internal.runners.model.ReflectiveCallable.run(ReflectiveCallable.java:12) ~[junit-4.12.jar:4.12]
	at org.junit.runners.model.FrameworkMethod.invokeExplosively(FrameworkMethod.java:47) ~[junit-4.12.jar:4.12]
	at org.junit.internal.runners.statements.InvokeMethod.evaluate(InvokeMethod.java:17) ~[junit-4.12.jar:4.12]
	at org.springframework.test.context.junit4.statements.RunBeforeTestMethodCallbacks.evaluate(RunBeforeTestMethodCallbacks.java:75) ~[spring-test-5.1.3.RELEASE.jar:5.1.3.RELEASE]
	at org.springframework.test.context.junit4.statements.RunAfterTestMethodCallbacks.evaluate(RunAfterTestMethodCallbacks.java:86) ~[spring-test-5.1.3.RELEASE.jar:5.1.3.RELEASE]
	at org.springframework.test.context.junit4.statements.RunPrepareTestInstanceCallbacks.evaluate(RunPrepareTestInstanceCallbacks.java:64) ~[spring-test-5.1.3.RELEASE.jar:5.1.3.RELEASE]
	at org.springframework.test.context.junit4.statements.SpringRepeat.evaluate(SpringRepeat.java:84) ~[spring-test-5.1.3.RELEASE.jar:5.1.3.RELEASE]
	at org.springframework.test.context.junit4.statements.SpringFailOnTimeout.evaluate(SpringFailOnTimeout.java:87) ~[spring-test-5.1.3.RELEASE.jar:5.1.3.RELEASE]
	at org.springframework.test.context.junit4.statements.ProfileValueChecker.evaluate(ProfileValueChecker.java:103) ~[spring-test-5.1.3.RELEASE.jar:5.1.3.RELEASE]
	at org.junit.rules.TestWatcher$1.evaluate(TestWatcher.java:55) ~[junit-4.12.jar:4.12]
	at org.junit.rules.RunRules.evaluate(RunRules.java:20) ~[junit-4.12.jar:4.12]
	at org.junit.runners.ParentRunner.runLeaf(ParentRunner.java:325) ~[junit-4.12.jar:4.12]
	at org.junit.runners.BlockJUnit4ClassRunner.runChild(BlockJUnit4ClassRunner.java:78) ~[junit-4.12.jar:4.12]
	at org.junit.runners.BlockJUnit4ClassRunner.runChild(BlockJUnit4ClassRunner.java:57) ~[junit-4.12.jar:4.12]
	at org.junit.runners.ParentRunner$3.run(ParentRunner.java:290) ~[junit-4.12.jar:4.12]
	at org.junit.runners.ParentRunner$1.schedule(ParentRunner.java:71) ~[junit-4.12.jar:4.12]
	at org.junit.runners.ParentRunner.runChildren(ParentRunner.java:288) ~[junit-4.12.jar:4.12]
	at org.junit.runners.ParentRunner.access$000(ParentRunner.java:58) ~[junit-4.12.jar:4.12]
	at org.junit.runners.ParentRunner$2.evaluate(ParentRunner.java:268) ~[junit-4.12.jar:4.12]
	at org.junit.internal.runners.statements.RunBefores.evaluate(RunBefores.java:26) ~[junit-4.12.jar:4.12]
	at org.junit.internal.runners.statements.RunAfters.evaluate(RunAfters.java:27) ~[junit-4.12.jar:4.12]
	at org.springframework.test.context.junit4.statements.RunBeforeTestClassCallbacks.evaluate(RunBeforeTestClassCallbacks.java:61) ~[spring-test-5.1.3.RELEASE.jar:5.1.3.RELEASE]
	at org.springframework.test.context.junit4.statements.RunAfterTestClassCallbacks.evaluate(RunAfterTestClassCallbacks.java:70) ~[spring-test-5.1.3.RELEASE.jar:5.1.3.RELEASE]
	at org.springframework.test.context.junit4.statements.ProfileValueChecker.evaluate(ProfileValueChecker.java:103) ~[spring-test-5.1.3.RELEASE.jar:5.1.3.RELEASE]
	at org.springframework.test.context.junit4.rules.SpringClassRule$TestContextManagerCacheEvictor.evaluate(SpringClassRule.java:190) ~[spring-test-5.1.3.RELEASE.jar:5.1.3.RELEASE]
	at org.junit.rules.RunRules.evaluate(RunRules.java:20) ~[junit-4.12.jar:4.12]
	at org.junit.runners.ParentRunner.run(ParentRunner.java:363) ~[junit-4.12.jar:4.12]
	at org.apache.maven.surefire.junit4.JUnit4Provider.execute(JUnit4Provider.java:316) ~[surefire-junit4-3.2.5.jar:3.2.5]
	at org.apache.maven.surefire.junit4.JUnit4Provider.executeWithRerun(JUnit4Provider.java:240) ~[surefire-junit4-3.2.5.jar:3.2.5]
	at org.apache.maven.surefire.junit4.JUnit4Provider.executeTestSet(JUnit4Provider.java:214) ~[surefire-junit4-3.2.5.jar:3.2.5]
	at org.apache.maven.surefire.junit4.JUnit4Provider.invoke(JUnit4Provider.java:155) ~[surefire-junit4-3.2.5.jar:3.2.5]
	at org.apache.maven.surefire.booter.ForkedBooter.runSuitesInProcess(ForkedBooter.java:385) ~[surefire-booter-3.2.5.jar:3.2.5]
	at org.apache.maven.surefire.booter.ForkedBooter.execute(ForkedBooter.java:162) ~[surefire-booter-3.2.5.jar:3.2.5]
	at org.apache.maven.surefire.booter.ForkedBooter.run(ForkedBooter.java:507) ~[surefire-booter-3.2.5.jar:3.2.5]
	at org.apache.maven.surefire.booter.ForkedBooter.main(ForkedBooter.java:495) ~[surefire-booter-3.2.5.jar:3.2.5]


MockHttpServletRequest:
      HTTP Method = POST
      Request URI = /trades
       Parameters = {}
          Headers = {Content-Type=[application/json;charset=UTF-8]}
             Body = {"id": 1, "type": "buy", "user": {"id": 4, "name": "Derrick Garcia"}, "symbol": "ZAYO", "shares": 11, "price": 154.77, "timestamp": "2016-12-28 11:44:37"}
    Session Attrs = {}

Handler:
             Type = com.hackerrank.stocktrade.controller.TradesController
           Method = public org.springframework.http.ResponseEntity<com.hackerrank.stocktrade.model.Trade> com.hackerrank.stocktrade.controller.TradesController.addTrade(com.hackerrank.stocktrade.model.Trade)

Async:
    Async started = false
     Async result = null

Resolved Exception:
             Type = null

ModelAndView:
        View name = null
             View = null
            Model = null

FlashMap:
       Attributes = null

MockHttpServletResponse:
           Status = 201
    Error message = null
          Headers = {Content-Type=[application/json;charset=UTF-8]}
     Content type = application/json;charset=UTF-8
             Body = {"id":2,"type":"buy","user":{"id":1,"name":"Derrick Garcia","trade":null},"symbol":"ZAYO","shares":11,"price":154.77,"timestamp":"2016-12-28T16:44:37.000+0000"}
    Forwarded URL = null
   Redirected URL = null
          Cookies = []

MockHttpServletRequest:
      HTTP Method = POST
      Request URI = /trades
       Parameters = {}
          Headers = {Content-Type=[application/json;charset=UTF-8]}
             Body = {"id": 2, "type": "buy", "user": {"id": 1, "name": "Jennifer Long"}, "symbol": "A", "shares": 19, "price": 153.57, "timestamp": "2016-12-28 13:15:52"}
    Session Attrs = {}

Handler:
             Type = com.hackerrank.stocktrade.controller.TradesController
           Method = public org.springframework.http.ResponseEntity<com.hackerrank.stocktrade.model.Trade> com.hackerrank.stocktrade.controller.TradesController.addTrade(com.hackerrank.stocktrade.model.Trade)

Async:
    Async started = false
     Async result = null

Resolved Exception:
             Type = null

ModelAndView:
        View name = null
             View = null
            Model = null

FlashMap:
       Attributes = null

MockHttpServletResponse:
           Status = 201
    Error message = null
          Headers = {Content-Type=[application/json;charset=UTF-8]}
     Content type = application/json;charset=UTF-8
             Body = {"id":2,"type":"buy","user":{"id":1,"name":"Jennifer Long","trade":null},"symbol":"A","shares":19,"price":153.57,"timestamp":"2016-12-28T18:15:52.000+0000"}
    Forwarded URL = null
   Redirected URL = null
          Cookies = []

MockHttpServletRequest:
      HTTP Method = POST
      Request URI = /trades
       Parameters = {}
          Headers = {Content-Type=[application/json;charset=UTF-8]}
             Body = {"id": 3, "type": "buy", "user": {"id": 4, "name": "Derrick Garcia"}, "symbol": "A", "shares": 12, "price": 135.89, "timestamp": "2016-12-28 13:18:18"}
    Session Attrs = {}

Handler:
             Type = com.hackerrank.stocktrade.controller.TradesController
           Method = public org.springframework.http.ResponseEntity<com.hackerrank.stocktrade.model.Trade> com.hackerrank.stocktrade.controller.TradesController.addTrade(com.hackerrank.stocktrade.model.Trade)

Async:
    Async started = false
     Async result = null

Resolved Exception:
             Type = null

ModelAndView:
        View name = null
             View = null
            Model = null

FlashMap:
       Attributes = null

MockHttpServletResponse:
           Status = 201
    Error message = null
          Headers = {Content-Type=[application/json;charset=UTF-8]}
     Content type = application/json;charset=UTF-8
             Body = {"id":4,"type":"buy","user":{"id":3,"name":"Derrick Garcia","trade":null},"symbol":"A","shares":12,"price":135.89,"timestamp":"2016-12-28T18:18:18.000+0000"}
    Forwarded URL = null
   Redirected URL = null
          Cookies = []

MockHttpServletRequest:
      HTTP Method = POST
      Request URI = /trades
       Parameters = {}
          Headers = {Content-Type=[application/json;charset=UTF-8]}
             Body = {"id": 4, "type": "buy", "user": {"id": 2, "name": "Daniel Cortez"}, "symbol": "MMS", "shares": 15, "price": 183.45, "timestamp": "2016-12-28 15:15:50"}
    Session Attrs = {}

Handler:
             Type = com.hackerrank.stocktrade.controller.TradesController
           Method = public org.springframework.http.ResponseEntity<com.hackerrank.stocktrade.model.Trade> com.hackerrank.stocktrade.controller.TradesController.addTrade(com.hackerrank.stocktrade.model.Trade)

Async:
    Async started = false
     Async result = null

Resolved Exception:
             Type = null

ModelAndView:
        View name = null
             View = null
            Model = null

FlashMap:
       Attributes = null

MockHttpServletResponse:
           Status = 201
    Error message = null
          Headers = {Content-Type=[application/json;charset=UTF-8]}
     Content type = application/json;charset=UTF-8
             Body = {"id":4,"type":"buy","user":{"id":5,"name":"Daniel Cortez","trade":null},"symbol":"MMS","shares":15,"price":183.45,"timestamp":"2016-12-28T20:15:50.000+0000"}
    Forwarded URL = null
   Redirected URL = null
          Cookies = []

MockHttpServletRequest:
      HTTP Method = POST
      Request URI = /trades
       Parameters = {}
          Headers = {Content-Type=[application/json;charset=UTF-8]}
             Body = {"id": 5, "type": "buy", "user": {"id": 2, "name": "Daniel Cortez"}, "symbol": "WEX", "shares": 10, "price": 190.73, "timestamp": "2016-12-29 09:05:23"}
    Session Attrs = {}

Handler:
             Type = com.hackerrank.stocktrade.controller.TradesController
           Method = public org.springframework.http.ResponseEntity<com.hackerrank.stocktrade.model.Trade> com.hackerrank.stocktrade.controller.TradesController.addTrade(com.hackerrank.stocktrade.model.Trade)

Async:
    Async started = false
     Async result = null

Resolved Exception:
             Type = null

ModelAndView:
        View name = null
             View = null
            Model = null

FlashMap:
       Attributes = null

MockHttpServletResponse:
           Status = 201
    Error message = null
          Headers = {Content-Type=[application/json;charset=UTF-8]}
     Content type = application/json;charset=UTF-8
             Body = {"id":7,"type":"buy","user":{"id":6,"name":"Daniel Cortez","trade":null},"symbol":"WEX","shares":10,"price":190.73,"timestamp":"2016-12-29T14:05:23.000+0000"}
    Forwarded URL = null
   Redirected URL = null
          Cookies = []

MockHttpServletRequest:
      HTTP Method = POST
      Request URI = /trades
       Parameters = {}
          Headers = {Content-Type=[application/json;charset=UTF-8]}
             Body = {"id": 6, "type": "buy", "user": {"id": 4, "name": "Derrick Garcia"}, "symbol": "ZAYO", "shares": 30, "price": 137.86, "timestamp": "2016-12-30 11:42:40"}
    Session Attrs = {}

Handler:
             Type = com.hackerrank.stocktrade.controller.TradesController
           Method = public org.springframework.http.ResponseEntity<com.hackerrank.stocktrade.model.Trade> com.hackerrank.stocktrade.controller.TradesController.addTrade(com.hackerrank.stocktrade.model.Trade)

Async:
    Async started = false
     Async result = null

Resolved Exception:
             Type = null

ModelAndView:
        View name = null
             View = null
            Model = null

FlashMap:
       Attributes = null

MockHttpServletResponse:
           Status = 201
    Error message = null
          Headers = {Content-Type=[application/json;charset=UTF-8]}
     Content type = application/json;charset=UTF-8
             Body = {"id":9,"type":"buy","user":{"id":8,"name":"Derrick Garcia","trade":null},"symbol":"ZAYO","shares":30,"price":137.86,"timestamp":"2016-12-30T16:42:40.000+0000"}
    Forwarded URL = null
   Redirected URL = null
          Cookies = []

MockHttpServletRequest:
      HTTP Method = POST
      Request URI = /trades
       Parameters = {}
          Headers = {Content-Type=[application/json;charset=UTF-8]}
             Body = {"id": 7, "type": "buy", "user": {"id": 2, "name": "Daniel Cortez"}, "symbol": "MMS", "shares": 19, "price": 183.45, "timestamp": "2016-12-30 12:35:21"}
    Session Attrs = {}

Handler:
             Type = com.hackerrank.stocktrade.controller.TradesController
           Method = public org.springframework.http.ResponseEntity<com.hackerrank.stocktrade.model.Trade> com.hackerrank.stocktrade.controller.TradesController.addTrade(com.hackerrank.stocktrade.model.Trade)

Async:
    Async started = false
     Async result = null

Resolved Exception:
             Type = null

ModelAndView:
        View name = null
             View = null
            Model = null

FlashMap:
       Attributes = null

MockHttpServletResponse:
           Status = 201
    Error message = null
          Headers = {Content-Type=[application/json;charset=UTF-8]}
     Content type = application/json;charset=UTF-8
             Body = {"id":7,"type":"buy","user":{"id":10,"name":"Daniel Cortez","trade":null},"symbol":"MMS","shares":19,"price":183.45,"timestamp":"2016-12-30T17:35:21.000+0000"}
    Forwarded URL = null
   Redirected URL = null
          Cookies = []

MockHttpServletRequest:
      HTTP Method = POST
      Request URI = /trades
       Parameters = {}
          Headers = {Content-Type=[application/json;charset=UTF-8]}
             Body = {"id": 8, "type": "buy", "user": {"id": 4, "name": "Derrick Garcia"}, "symbol": "WEX", "shares": 11, "price": 172.35, "timestamp": "2016-12-30 13:07:19"}
    Session Attrs = {}

Handler:
             Type = com.hackerrank.stocktrade.controller.TradesController
           Method = public org.springframework.http.ResponseEntity<com.hackerrank.stocktrade.model.Trade> com.hackerrank.stocktrade.controller.TradesController.addTrade(com.hackerrank.stocktrade.model.Trade)

Async:
    Async started = false
     Async result = null

Resolved Exception:
             Type = null

ModelAndView:
        View name = null
             View = null
            Model = null

FlashMap:
       Attributes = null

MockHttpServletResponse:
           Status = 201
    Error message = null
          Headers = {Content-Type=[application/json;charset=UTF-8]}
     Content type = application/json;charset=UTF-8
             Body = {"id":12,"type":"buy","user":{"id":11,"name":"Derrick Garcia","trade":null},"symbol":"WEX","shares":11,"price":172.35,"timestamp":"2016-12-30T18:07:19.000+0000"}
    Forwarded URL = null
   Redirected URL = null
          Cookies = []

MockHttpServletRequest:
      HTTP Method = POST
      Request URI = /trades
       Parameters = {}
          Headers = {Content-Type=[application/json;charset=UTF-8]}
             Body = {"id": 9, "type": "buy", "user": {"id": 3, "name": "Connie Palmer"}, "symbol": "ZAYO", "shares": 25, "price": 154.77, "timestamp": "2016-12-30 13:36:20"}
    Session Attrs = {}

Handler:
             Type = com.hackerrank.stocktrade.controller.TradesController
           Method = public org.springframework.http.ResponseEntity<com.hackerrank.stocktrade.model.Trade> com.hackerrank.stocktrade.controller.TradesController.addTrade(com.hackerrank.stocktrade.model.Trade)

Async:
    Async started = false
     Async result = null

Resolved Exception:
             Type = null

ModelAndView:
        View name = null
             View = null
            Model = null

FlashMap:
       Attributes = null

MockHttpServletResponse:
           Status = 201
    Error message = null
          Headers = {Content-Type=[application/json;charset=UTF-8]}
     Content type = application/json;charset=UTF-8
             Body = {"id":9,"type":"buy","user":{"id":3,"name":"Connie Palmer","trade":null},"symbol":"ZAYO","shares":25,"price":154.77,"timestamp":"2016-12-30T18:36:20.000+0000"}
    Forwarded URL = null
   Redirected URL = null
          Cookies = []

MockHttpServletRequest:
      HTTP Method = POST
      Request URI = /trades
       Parameters = {}
          Headers = {Content-Type=[application/json;charset=UTF-8]}
             Body = {"id": 10, "type": "buy", "user": {"id": 1, "name": "Jennifer Long"}, "symbol": "MMS", "shares": 28, "price": 152.93, "timestamp": "2016-12-30 14:48:14"}
    Session Attrs = {}

Handler:
             Type = com.hackerrank.stocktrade.controller.TradesController
           Method = public org.springframework.http.ResponseEntity<com.hackerrank.stocktrade.model.Trade> com.hackerrank.stocktrade.controller.TradesController.addTrade(com.hackerrank.stocktrade.model.Trade)

Async:
    Async started = false
     Async result = null

Resolved Exception:
             Type = null

ModelAndView:
        View name = null
             View = null
            Model = null

FlashMap:
       Attributes = null

MockHttpServletResponse:
           Status = 201
    Error message = null
          Headers = {Content-Type=[application/json;charset=UTF-8]}
     Content type = application/json;charset=UTF-8
             Body = {"id":13,"type":"buy","user":{"id":1,"name":"Jennifer Long","trade":null},"symbol":"MMS","shares":28,"price":152.93,"timestamp":"2016-12-30T19:48:14.000+0000"}
    Forwarded URL = null
   Redirected URL = null
          Cookies = []

MockHttpServletRequest:
      HTTP Method = POST
      Request URI = /trades
       Parameters = {}
          Headers = {Content-Type=[application/json;charset=UTF-8]}
             Body = {"id": 11, "type": "buy", "user": {"id": 3, "name": "Connie Palmer"}, "symbol": "ZAYO", "shares": 30, "price": 154.77, "timestamp": "2016-12-31 09:59:16"}
    Session Attrs = {}

Handler:
             Type = com.hackerrank.stocktrade.controller.TradesController
           Method = public org.springframework.http.ResponseEntity<com.hackerrank.stocktrade.model.Trade> com.hackerrank.stocktrade.controller.TradesController.addTrade(com.hackerrank.stocktrade.model.Trade)

Async:
    Async started = false
     Async result = null

Resolved Exception:
             Type = null

ModelAndView:
        View name = null
             View = null
            Model = null

FlashMap:
       Attributes = null

MockHttpServletResponse:
           Status = 201
    Error message = null
          Headers = {Content-Type=[application/json;charset=UTF-8]}
     Content type = application/json;charset=UTF-8
             Body = {"id":14,"type":"buy","user":{"id":3,"name":"Connie Palmer","trade":null},"symbol":"ZAYO","shares":30,"price":154.77,"timestamp":"2016-12-31T14:59:16.000+0000"}
    Forwarded URL = null
   Redirected URL = null
          Cookies = []

MockHttpServletRequest:
      HTTP Method = POST
      Request URI = /trades
       Parameters = {}
          Headers = {Content-Type=[application/json;charset=UTF-8]}
             Body = {"id": 12, "type": "buy", "user": {"id": 2, "name": "Daniel Cortez"}, "symbol": "WEX", "shares": 18, "price": 172.35, "timestamp": "2016-12-31 12:01:56"}
    Session Attrs = {}

Handler:
             Type = com.hackerrank.stocktrade.controller.TradesController
           Method = public org.springframework.http.ResponseEntity<com.hackerrank.stocktrade.model.Trade> com.hackerrank.stocktrade.controller.TradesController.addTrade(com.hackerrank.stocktrade.model.Trade)

Async:
    Async started = false
     Async result = null

Resolved Exception:
             Type = null

ModelAndView:
        View name = null
             View = null
            Model = null

FlashMap:
       Attributes = null

MockHttpServletResponse:
           Status = 201
    Error message = null
          Headers = {Content-Type=[application/json;charset=UTF-8]}
     Content type = application/json;charset=UTF-8
             Body = {"id":12,"type":"buy","user":{"id":15,"name":"Daniel Cortez","trade":null},"symbol":"WEX","shares":18,"price":172.35,"timestamp":"2016-12-31T17:01:56.000+0000"}
    Forwarded URL = null
   Redirected URL = null
          Cookies = []

MockHttpServletRequest:
      HTTP Method = POST
      Request URI = /trades
       Parameters = {}
          Headers = {Content-Type=[application/json;charset=UTF-8]}
             Body = {"id": 1, "type": "buy", "user": {"id": 4, "name": "Derrick Garcia"}, "symbol": "ZAYO", "shares": 11, "price": 154.77, "timestamp": "2016-12-28 11:44:37"}
    Session Attrs = {}

Handler:
             Type = com.hackerrank.stocktrade.controller.TradesController
           Method = public org.springframework.http.ResponseEntity<com.hackerrank.stocktrade.model.Trade> com.hackerrank.stocktrade.controller.TradesController.addTrade(com.hackerrank.stocktrade.model.Trade)

Async:
    Async started = false
     Async result = null

Resolved Exception:
             Type = null

ModelAndView:
        View name = null
             View = null
            Model = null

FlashMap:
       Attributes = null

MockHttpServletResponse:
           Status = 201
    Error message = null
          Headers = {Content-Type=[application/json;charset=UTF-8]}
     Content type = application/json;charset=UTF-8
             Body = {"id":17,"type":"buy","user":{"id":16,"name":"Derrick Garcia","trade":null},"symbol":"ZAYO","shares":11,"price":154.77,"timestamp":"2016-12-28T16:44:37.000+0000"}
    Forwarded URL = null
   Redirected URL = null
          Cookies = []

MockHttpServletRequest:
      HTTP Method = GET
      Request URI = /trades/1
       Parameters = {}
          Headers = {}
             Body = null
    Session Attrs = {}

Handler:
             Type = org.springframework.web.servlet.resource.ResourceHttpRequestHandler

Async:
    Async started = false
     Async result = null

Resolved Exception:
             Type = null

ModelAndView:
        View name = null
             View = null
            Model = null

FlashMap:
       Attributes = null

MockHttpServletResponse:
           Status = 404
    Error message = null
          Headers = {}
     Content type = null
             Body = 
    Forwarded URL = null
   Redirected URL = null
          Cookies = []

MockHttpServletRequest:
      HTTP Method = GET
      Request URI = /trades/19
       Parameters = {}
          Headers = {}
             Body = null
    Session Attrs = {}

Handler:
             Type = org.springframework.web.servlet.resource.ResourceHttpRequestHandler

Async:
    Async started = false
     Async result = null

Resolved Exception:
             Type = null

ModelAndView:
        View name = null
             View = null
            Model = null

FlashMap:
       Attributes = null

MockHttpServletResponse:
           Status = 404
    Error message = null
          Headers = {}
     Content type = null
             Body = 
    Forwarded URL = null
   Redirected URL = null
          Cookies = []

MockHttpServletRequest:
      HTTP Method = GET
      Request URI = /trades/users/1
       Parameters = {}
          Headers = {}
             Body = null
    Session Attrs = {}

Handler:
             Type = org.springframework.web.servlet.resource.ResourceHttpRequestHandler

Async:
    Async started = false
     Async result = null

Resolved Exception:
             Type = null

ModelAndView:
        View name = null
             View = null
            Model = null

FlashMap:
       Attributes = null

MockHttpServletResponse:
           Status = 404
    Error message = null
          Headers = {}
     Content type = null
             Body = 
    Forwarded URL = null
   Redirected URL = null
          Cookies = []

MockHttpServletRequest:
      HTTP Method = GET
      Request URI = /trades/users/5
       Parameters = {}
          Headers = {}
             Body = null
    Session Attrs = {}

Handler:
             Type = org.springframework.web.servlet.resource.ResourceHttpRequestHandler

Async:
    Async started = false
     Async result = null

Resolved Exception:
             Type = null

ModelAndView:
        View name = null
             View = null
            Model = null

FlashMap:
       Attributes = null

MockHttpServletResponse:
           Status = 404
    Error message = null
          Headers = {}
     Content type = null
             Body = 
    Forwarded URL = null
   Redirected URL = null
          Cookies = []

MockHttpServletRequest:
      HTTP Method = GET
      Request URI = /trades/stocks/A
       Parameters = {type=[sell], start=[2016-12-28], end=[2017-01-03]}
          Headers = {}
             Body = null
    Session Attrs = {}

Handler:
             Type = org.springframework.web.servlet.resource.ResourceHttpRequestHandler

Async:
    Async started = false
     Async result = null

Resolved Exception:
             Type = null

ModelAndView:
        View name = null
             View = null
            Model = null

FlashMap:
       Attributes = null

MockHttpServletResponse:
           Status = 404
    Error message = null
          Headers = {}
     Content type = null
             Body = 
    Forwarded URL = null
   Redirected URL = null
          Cookies = []

MockHttpServletRequest:
      HTTP Method = GET
      Request URI = /trades/stocks/AB
       Parameters = {type=[buy], start=[2016-12-28], end=[2016-12-29]}
          Headers = {}
             Body = null
    Session Attrs = {}

Handler:
             Type = org.springframework.web.servlet.resource.ResourceHttpRequestHandler

Async:
    Async started = false
     Async result = null

Resolved Exception:
             Type = null

ModelAndView:
        View name = null
             View = null
            Model = null

FlashMap:
       Attributes = null

MockHttpServletResponse:
           Status = 404
    Error message = null
          Headers = {}
     Content type = null
             Body = 
    Forwarded URL = null
   Redirected URL = null
          Cookies = []

MockHttpServletRequest:
      HTTP Method = GET
      Request URI = /stocks/A/price
       Parameters = {start=[2016-12-29], end=[2017-01-03]}
          Headers = {}
             Body = null
    Session Attrs = {}

Handler:
             Type = org.springframework.web.servlet.resource.ResourceHttpRequestHandler

Async:
    Async started = false
     Async result = null

Resolved Exception:
             Type = null

ModelAndView:
        View name = null
             View = null
            Model = null

FlashMap:
       Attributes = null

MockHttpServletResponse:
           Status = 404
    Error message = null
          Headers = {}
     Content type = null
             Body = 
    Forwarded URL = null
   Redirected URL = null
          Cookies = []

MockHttpServletRequest:
      HTTP Method = GET
      Request URI = /stocks/AB/price
       Parameters = {start=[2016-12-28], end=[2016-12-29]}
          Headers = {}
             Body = null
    Session Attrs = {}

Handler:
             Type = org.springframework.web.servlet.resource.ResourceHttpRequestHandler

Async:
    Async started = false
     Async result = null

Resolved Exception:
             Type = null

ModelAndView:
        View name = null
             View = null
            Model = null

FlashMap:
       Attributes = null

MockHttpServletResponse:
           Status = 404
    Error message = null
          Headers = {}
     Content type = null
             Body = 
    Forwarded URL = null
   Redirected URL = null
          Cookies = []

MockHttpServletRequest:
      HTTP Method = GET
      Request URI = /stocks/A/price
       Parameters = {start=[2017-01-05], end=[2017-01-06]}
          Headers = {}
             Body = null
    Session Attrs = {}

Handler:
             Type = org.springframework.web.servlet.resource.ResourceHttpRequestHandler

Async:
    Async started = false
     Async result = null

Resolved Exception:
             Type = null

ModelAndView:
        View name = null
             View = null
            Model = null

FlashMap:
       Attributes = null

MockHttpServletResponse:
           Status = 404
    Error message = null
          Headers = {}
     Content type = null
             Body = 
    Forwarded URL = null
   Redirected URL = null
          Cookies = []

MockHttpServletRequest:
      HTTP Method = GET
      Request URI = /trades/stocks/A
       Parameters = {type=[buy], start=[2016-12-28], end=[2017-01-03]}
          Headers = {}
             Body = null
    Session Attrs = {}

Handler:
             Type = org.springframework.web.servlet.resource.ResourceHttpRequestHandler

Async:
    Async started = false
     Async result = null

Resolved Exception:
             Type = null

ModelAndView:
        View name = null
             View = null
            Model = null

FlashMap:
       Attributes = null

MockHttpServletResponse:
           Status = 404
    Error message = null
          Headers = {}
     Content type = null
             Body = 
    Forwarded URL = null
   Redirected URL = null
          Cookies = []

MockHttpServletRequest:
      HTTP Method = GET
      Request URI = /trades/users/1
       Parameters = {}
          Headers = {}
             Body = null
    Session Attrs = {}

Handler:
             Type = org.springframework.web.servlet.resource.ResourceHttpRequestHandler

Async:
    Async started = false
     Async result = null

Resolved Exception:
             Type = null

ModelAndView:
        View name = null
             View = null
            Model = null

FlashMap:
       Attributes = null

MockHttpServletResponse:
           Status = 404
    Error message = null
          Headers = {}
     Content type = null
             Body = 
    Forwarded URL = null
   Redirected URL = null
          Cookies = []

MockHttpServletRequest:
      HTTP Method = GET
      Request URI = /trades/1
       Parameters = {}
          Headers = {}
             Body = null
    Session Attrs = {}

Handler:
             Type = org.springframework.web.servlet.resource.ResourceHttpRequestHandler

Async:
    Async started = false
     Async result = null

Resolved Exception:
             Type = null

ModelAndView:
        View name = null
             View = null
            Model = null

FlashMap:
       Attributes = null

MockHttpServletResponse:
           Status = 404
    Error message = null
          Headers = {}
     Content type = null
             Body = 
    Forwarded URL = null
   Redirected URL = null
          Cookies = []

MockHttpServletRequest:
      HTTP Method = POST
      Request URI = /trades
       Parameters = {}
          Headers = {Content-Type=[application/json;charset=UTF-8]}
             Body = {"id": 1, "type": "buy", "user": {"id": 4, "name": "Derrick Garcia"}, "symbol": "ZAYO", "shares": 11, "price": 154.77, "timestamp": "2016-12-28 11:44:37"}
    Session Attrs = {}

Handler:
             Type = com.hackerrank.stocktrade.controller.TradesController
           Method = public org.springframework.http.ResponseEntity<com.hackerrank.stocktrade.model.Trade> com.hackerrank.stocktrade.controller.TradesController.addTrade(com.hackerrank.stocktrade.model.Trade)

Async:
    Async started = false
     Async result = null

Resolved Exception:
             Type = null

ModelAndView:
        View name = null
             View = null
            Model = null

FlashMap:
       Attributes = null

MockHttpServletResponse:
           Status = 201
    Error message = null
          Headers = {Content-Type=[application/json;charset=UTF-8]}
     Content type = application/json;charset=UTF-8
             Body = {"id":19,"type":"buy","user":{"id":18,"name":"Derrick Garcia","trade":null},"symbol":"ZAYO","shares":11,"price":154.77,"timestamp":"2016-12-28T16:44:37.000+0000"}
    Forwarded URL = null
   Redirected URL = null
          Cookies = []

MockHttpServletRequest:
      HTTP Method = POST
      Request URI = /trades
       Parameters = {}
          Headers = {Content-Type=[application/json;charset=UTF-8]}
             Body = {"id": 1, "type": "buy", "user": {"id": 4, "name": "Derrick Garcia"}, "symbol": "ZAYO", "shares": 11, "price": 154.77, "timestamp": "2016-12-28 11:44:37"}
    Session Attrs = {}

Handler:
             Type = com.hackerrank.stocktrade.controller.TradesController
           Method = public org.springframework.http.ResponseEntity<com.hackerrank.stocktrade.model.Trade> com.hackerrank.stocktrade.controller.TradesController.addTrade(com.hackerrank.stocktrade.model.Trade)

Async:
    Async started = false
     Async result = null

Resolved Exception:
             Type = null

ModelAndView:
        View name = null
             View = null
            Model = null

FlashMap:
       Attributes = null

MockHttpServletResponse:
           Status = 201
    Error message = null
          Headers = {Content-Type=[application/json;charset=UTF-8]}
     Content type = application/json;charset=UTF-8
             Body = {"id":21,"type":"buy","user":{"id":20,"name":"Derrick Garcia","trade":null},"symbol":"ZAYO","shares":11,"price":154.77,"timestamp":"2016-12-28T16:44:37.000+0000"}
    Forwarded URL = null
   Redirected URL = null
          Cookies = []

&amp#27;[0;31meraseAllRecords(com.hackerrank.stocktrade.requests.ResourcesControllerTest)&amp#27;[0m
&amp#27;[0;31morg.springframework.web.util.NestedServletException: Request processing failed; nested exception is org.springframework.orm.jpa.JpaSystemException: More than one row with the given identifier was found: 1, for class: com.hackerrank.stocktrade.model.Trade; nested exception is org.hibernate.HibernateException: More than one row with the given identifier was found: 1, for class: com.hackerrank.stocktrade.model.Trade&amp#27;[0m
&amp#27;[0;31m	at org.springframework.web.servlet.FrameworkServlet.processRequest(FrameworkServlet.java:1013)&amp#27;[0m
&amp#27;[0;31m	at org.springframework.web.servlet.FrameworkServlet.doDelete(FrameworkServlet.java:930)&amp#27;[0m
&amp#27;[0;31m	at javax.servlet.http.HttpServlet.service(HttpServlet.java:666)&amp#27;[0m
&amp#27;[0;31m	at org.springframework.web.servlet.FrameworkServlet.service(FrameworkServlet.java:882)&amp#27;[0m
&amp#27;[0;31m	at org.springframework.test.web.servlet.TestDispatcherServlet.service(TestDispatcherServlet.java:71)&amp#27;[0m
&amp#27;[0;31m	at javax.servlet.http.HttpServlet.service(HttpServlet.java:741)&amp#27;[0m
&amp#27;[0;31m	at org.springframework.mock.web.MockFilterChain$ServletFilterProxy.doFilter(MockFilterChain.java:166)&amp#27;[0m
&amp#27;[0;31m	at org.springframework.mock.web.MockFilterChain.doFilter(MockFilterChain.java:133)&amp#27;[0m
&amp#27;[0;31m	at org.springframework.web.filter.RequestContextFilter.doFilterInternal(RequestContextFilter.java:99)&amp#27;[0m
&amp#27;[0;31m	at org.springframework.web.filter.OncePerRequestFilter.doFilter(OncePerRequestFilter.java:107)&amp#27;[0m
&amp#27;[0;31m	at org.springframework.mock.web.MockFilterChain.doFilter(MockFilterChain.java:133)&amp#27;[0m
&amp#27;[0;31m	at org.springframework.web.filter.FormContentFilter.doFilterInternal(FormContentFilter.java:92)&amp#27;[0m
&amp#27;[0;31m	at org.springframework.web.filter.OncePerRequestFilter.doFilter(OncePerRequestFilter.java:107)&amp#27;[0m
&amp#27;[0;31m	at org.springframework.mock.web.MockFilterChain.doFilter(MockFilterChain.java:133)&amp#27;[0m
&amp#27;[0;31m	at org.springframework.web.filter.HiddenHttpMethodFilter.doFilterInternal(HiddenHttpMethodFilter.java:93)&amp#27;[0m
&amp#27;[0;31m	at org.springframework.web.filter.OncePerRequestFilter.doFilter(OncePerRequestFilter.java:107)&amp#27;[0m
&amp#27;[0;31m	at org.springframework.mock.web.MockFilterChain.doFilter(MockFilterChain.java:133)&amp#27;[0m
&amp#27;[0;31m	at org.springframework.web.filter.CharacterEncodingFilter.doFilterInternal(CharacterEncodingFilter.java:200)&amp#27;[0m
&amp#27;[0;31m	at org.springframework.web.filter.OncePerRequestFilter.doFilter(OncePerRequestFilter.java:107)&amp#27;[0m
&amp#27;[0;31m	at org.springframework.mock.web.MockFilterChain.doFilter(MockFilterChain.java:133)&amp#27;[0m
&amp#27;[0;31m	at org.springframework.test.web.servlet.MockMvc.perform(MockMvc.java:182)&amp#27;[0m
&amp#27;[0;31m	at com.hackerrank.stocktrade.requests.ResourcesControllerTest.eraseAllRecords(ResourcesControllerTest.java:57)&amp#27;[0m
&amp#27;[0;31m	at java.base/jdk.internal.reflect.NativeMethodAccessorImpl.invoke0(Native Method)&amp#27;[0m
&amp#27;[0;31m	at java.base/jdk.internal.reflect.NativeMethodAccessorImpl.invoke(NativeMethodAccessorImpl.java:77)&amp#27;[0m
&amp#27;[0;31m	at java.base/jdk.internal.reflect.DelegatingMethodAccessorImpl.invoke(DelegatingMethodAccessorImpl.java:43)&amp#27;[0m
&amp#27;[0;31m	at java.base/java.lang.reflect.Method.invoke(Method.java:568)&amp#27;[0m
&amp#27;[0;31m	at org.junit.runners.model.FrameworkMethod$1.runReflectiveCall(FrameworkMethod.java:50)&amp#27;[0m
&amp#27;[0;31m	at org.junit.internal.runners.model.ReflectiveCallable.run(ReflectiveCallable.java:12)&amp#27;[0m
&amp#27;[0;31m	at org.junit.runners.model.FrameworkMethod.invokeExplosively(FrameworkMethod.java:47)&amp#27;[0m
&amp#27;[0;31m	at org.junit.internal.runners.statements.InvokeMethod.evaluate(InvokeMethod.java:17)&amp#27;[0m
&amp#27;[0;31m	at org.springframework.test.context.junit4.statements.RunBeforeTestMethodCallbacks.evaluate(RunBeforeTestMethodCallbacks.java:75)&amp#27;[0m
&amp#27;[0;31m	at org.springframework.test.context.junit4.statements.RunAfterTestMethodCallbacks.evaluate(RunAfterTestMethodCallbacks.java:86)&amp#27;[0m
&amp#27;[0;31m	at org.springframework.test.context.junit4.statements.RunPrepareTestInstanceCallbacks.evaluate(RunPrepareTestInstanceCallbacks.java:64)&amp#27;[0m
&amp#27;[0;31m	at org.springframework.test.context.junit4.statements.SpringRepeat.evaluate(SpringRepeat.java:84)&amp#27;[0m
&amp#27;[0;31m	at org.springframework.test.context.junit4.statements.SpringFailOnTimeout.evaluate(SpringFailOnTimeout.java:87)&amp#27;[0m
&amp#27;[0;31m	at org.springframework.test.context.junit4.statements.ProfileValueChecker.evaluate(ProfileValueChecker.java:103)&amp#27;[0m
&amp#27;[0;31m	at org.junit.rules.TestWatcher$1.evaluate(TestWatcher.java:55)&amp#27;[0m
&amp#27;[0;31m	at org.junit.rules.RunRules.evaluate(RunRules.java:20)&amp#27;[0m
&amp#27;[0;31m	at org.junit.runners.ParentRunner.runLeaf(ParentRunner.java:325)&amp#27;[0m
&amp#27;[0;31m	at org.junit.runners.BlockJUnit4ClassRunner.runChild(BlockJUnit4ClassRunner.java:78)&amp#27;[0m
&amp#27;[0;31m	at org.junit.runners.BlockJUnit4ClassRunner.runChild(BlockJUnit4ClassRunner.java:57)&amp#27;[0m
&amp#27;[0;31m	at org.junit.runners.ParentRunner$3.run(ParentRunner.java:290)&amp#27;[0m
&amp#27;[0;31m	at org.junit.runners.ParentRunner$1.schedule(ParentRunner.java:71)&amp#27;[0m
&amp#27;[0;31m	at org.junit.runners.ParentRunner.runChildren(ParentRunner.java:288)&amp#27;[0m
&amp#27;[0;31m	at org.junit.runners.ParentRunner.access$000(ParentRunner.java:58)&amp#27;[0m
&amp#27;[0;31m	at org.junit.runners.ParentRunner$2.evaluate(ParentRunner.java:268)&amp#27;[0m
&amp#27;[0;31m	at org.junit.internal.runners.statements.RunBefores.evaluate(RunBefores.java:26)&amp#27;[0m
&amp#27;[0;31m	at org.junit.internal.runners.statements.RunAfters.evaluate(RunAfters.java:27)&amp#27;[0m
&amp#27;[0;31m	at org.springframework.test.context.junit4.statements.RunBeforeTestClassCallbacks.evaluate(RunBeforeTestClassCallbacks.java:61)&amp#27;[0m
&amp#27;[0;31m	at org.springframework.test.context.junit4.statements.RunAfterTestClassCallbacks.evaluate(RunAfterTestClassCallbacks.java:70)&amp#27;[0m
&amp#27;[0;31m	at org.springframework.test.context.junit4.statements.ProfileValueChecker.evaluate(ProfileValueChecker.java:103)&amp#27;[0m
&amp#27;[0;31m	at org.springframework.test.context.junit4.rules.SpringClassRule$TestContextManagerCacheEvictor.evaluate(SpringClassRule.java:190)&amp#27;[0m
&amp#27;[0;31m	at org.junit.rules.RunRules.evaluate(RunRules.java:20)&amp#27;[0m
&amp#27;[0;31m	at org.junit.runners.ParentRunner.run(ParentRunner.java:363)&amp#27;[0m
&amp#27;[0;31m	at org.apache.maven.surefire.junit4.JUnit4Provider.execute(JUnit4Provider.java:316)&amp#27;[0m
&amp#27;[0;31m	at org.apache.maven.surefire.junit4.JUnit4Provider.executeWithRerun(JUnit4Provider.java:240)&amp#27;[0m
&amp#27;[0;31m	at org.apache.maven.surefire.junit4.JUnit4Provider.executeTestSet(JUnit4Provider.java:214)&amp#27;[0m
&amp#27;[0;31m	at org.apache.maven.surefire.junit4.JUnit4Provider.invoke(JUnit4Provider.java:155)&amp#27;[0m
&amp#27;[0;31m	at org.apache.maven.surefire.booter.ForkedBooter.runSuitesInProcess(ForkedBooter.java:385)&amp#27;[0m
&amp#27;[0;31m	at org.apache.maven.surefire.booter.ForkedBooter.execute(ForkedBooter.java:162)&amp#27;[0m
&amp#27;[0;31m	at org.apache.maven.surefire.booter.ForkedBooter.run(ForkedBooter.java:507)&amp#27;[0m
&amp#27;[0;31m	at org.apache.maven.surefire.booter.ForkedBooter.main(ForkedBooter.java:495)&amp#27;[0m
&amp#27;[0;31mCaused by: org.springframework.orm.jpa.JpaSystemException: More than one row with the given identifier was found: 1, for class: com.hackerrank.stocktrade.model.Trade; nested exception is org.hibernate.HibernateException: More than one row with the given identifier was found: 1, for class: com.hackerrank.stocktrade.model.Trade&amp#27;[0m
&amp#27;[0;31m	at org.springframework.orm.jpa.vendor.HibernateJpaDialect.convertHibernateAccessException(HibernateJpaDialect.java:351)&amp#27;[0m
&amp#27;[0;31m	at org.springframework.orm.jpa.vendor.HibernateJpaDialect.translateExceptionIfPossible(HibernateJpaDialect.java:253)&amp#27;[0m
&amp#27;[0;31m	at org.springframework.orm.jpa.AbstractEntityManagerFactoryBean.translateExceptionIfPossible(AbstractEntityManagerFactoryBean.java:527)&amp#27;[0m
&amp#27;[0;31m	at org.springframework.dao.support.ChainedPersistenceExceptionTranslator.translateExceptionIfPossible(ChainedPersistenceExceptionTranslator.java:61)&amp#27;[0m
&amp#27;[0;31m	at org.springframework.dao.support.DataAccessUtils.translateIfNecessary(DataAccessUtils.java:242)&amp#27;[0m
&amp#27;[0;31m	at org.springframework.dao.support.PersistenceExceptionTranslationInterceptor.invoke(PersistenceExceptionTranslationInterceptor.java:153)&amp#27;[0m
&amp#27;[0;31m	at org.springframework.aop.framework.ReflectiveMethodInvocation.proceed(ReflectiveMethodInvocation.java:186)&amp#27;[0m
&amp#27;[0;31m	at org.springframework.data.jpa.repository.support.CrudMethodMetadataPostProcessor$CrudMethodMetadataPopulatingMethodInterceptor.invoke(CrudMethodMetadataPostProcessor.java:135)&amp#27;[0m
&amp#27;[0;31m	at org.springframework.aop.framework.ReflectiveMethodInvocation.proceed(ReflectiveMethodInvocation.java:186)&amp#27;[0m
&amp#27;[0;31m	at org.springframework.aop.interceptor.ExposeInvocationInterceptor.invoke(ExposeInvocationInterceptor.java:93)&amp#27;[0m
&amp#27;[0;31m	at org.springframework.aop.framework.ReflectiveMethodInvocation.proceed(ReflectiveMethodInvocation.java:186)&amp#27;[0m
&amp#27;[0;31m	at org.springframework.data.repository.core.support.SurroundingTransactionDetectorMethodInterceptor.invoke(SurroundingTransactionDetectorMethodInterceptor.java:61)&amp#27;[0m
&amp#27;[0;31m	at org.springframework.aop.framework.ReflectiveMethodInvocation.proceed(ReflectiveMethodInvocation.java:186)&amp#27;[0m
&amp#27;[0;31m	at org.springframework.aop.framework.JdkDynamicAopProxy.invoke(JdkDynamicAopProxy.java:212)&amp#27;[0m
&amp#27;[0;31m	at jdk.proxy2/jdk.proxy2.$Proxy105.findAll(Unknown Source)&amp#27;[0m
&amp#27;[0;31m	at com.hackerrank.stocktrade.service.ResourcesService.eraseAllTradesRecordsIncludingUserRecords(ResourcesService.java:23)&amp#27;[0m
&amp#27;[0;31m	at com.hackerrank.stocktrade.controller.ResourcesController.eraseAllTrades(ResourcesController.java:26)&amp#27;[0m
&amp#27;[0;31m	at java.base/jdk.internal.reflect.NativeMethodAccessorImpl.invoke0(Native Method)&amp#27;[0m
&amp#27;[0;31m	at java.base/jdk.internal.reflect.NativeMethodAccessorImpl.invoke(NativeMethodAccessorImpl.java:77)&amp#27;[0m
&amp#27;[0;31m	at java.base/jdk.internal.reflect.DelegatingMethodAccessorImpl.invoke(DelegatingMethodAccessorImpl.java:43)&amp#27;[0m
&amp#27;[0;31m	at java.base/java.lang.reflect.Method.invoke(Method.java:568)&amp#27;[0m
&amp#27;[0;31m	at org.springframework.web.method.support.InvocableHandlerMethod.doInvoke(InvocableHandlerMethod.java:189)&amp#27;[0m
&amp#27;[0;31m	at org.springframework.web.method.support.InvocableHandlerMethod.invokeForRequest(InvocableHandlerMethod.java:138)&amp#27;[0m
&amp#27;[0;31m	at org.springframework.web.servlet.mvc.method.annotation.ServletInvocableHandlerMethod.invokeAndHandle(ServletInvocableHandlerMethod.java:102)&amp#27;[0m
&amp#27;[0;31m	at org.springframework.web.servlet.mvc.method.annotation.RequestMappingHandlerAdapter.invokeHandlerMethod(RequestMappingHandlerAdapter.java:895)&amp#27;[0m
&amp#27;[0;31m	at org.springframework.web.servlet.mvc.method.annotation.RequestMappingHandlerAdapter.handleInternal(RequestMappingHandlerAdapter.java:800)&amp#27;[0m
&amp#27;[0;31m	at org.springframework.web.servlet.mvc.method.AbstractHandlerMethodAdapter.handle(AbstractHandlerMethodAdapter.java:87)&amp#27;[0m
&amp#27;[0;31m	at org.springframework.web.servlet.DispatcherServlet.doDispatch(DispatcherServlet.java:1038)&amp#27;[0m
&amp#27;[0;31m	at org.springframework.web.servlet.DispatcherServlet.doService(DispatcherServlet.java:942)&amp#27;[0m
&amp#27;[0;31m	at org.springframework.web.servlet.FrameworkServlet.processRequest(FrameworkServlet.java:1005)&amp#27;[0m
&amp#27;[0;31m	... 61 more&amp#27;[0m
&amp#27;[0;31mCaused by: org.hibernate.HibernateException: More than one row with the given identifier was found: 1, for class: com.hackerrank.stocktrade.model.Trade&amp#27;[0m
&amp#27;[0;31m	at org.hibernate.loader.entity.AbstractEntityLoader.load(AbstractEntityLoader.java:90)&amp#27;[0m
&amp#27;[0;31m	at org.hibernate.loader.entity.EntityLoader.loadByUniqueKey(EntityLoader.java:144)&amp#27;[0m
&amp#27;[0;31m	at org.hibernate.persister.entity.AbstractEntityPersister.loadByUniqueKey(AbstractEntityPersister.java:2351)&amp#27;[0m
&amp#27;[0;31m	at org.hibernate.type.EntityType.loadByUniqueKey(EntityType.java:739)&amp#27;[0m
&amp#27;[0;31m	at org.hibernate.type.EntityType.resolve(EntityType.java:467)&amp#27;[0m
&amp#27;[0;31m	at org.hibernate.engine.internal.TwoPhaseLoad.doInitializeEntity(TwoPhaseLoad.java:172)&amp#27;[0m
&amp#27;[0;31m	at org.hibernate.engine.internal.TwoPhaseLoad.initializeEntity(TwoPhaseLoad.java:129)&amp#27;[0m
&amp#27;[0;31m	at org.hibernate.loader.plan.exec.process.internal.AbstractRowReader.performTwoPhaseLoad(AbstractRowReader.java:238)&amp#27;[0m
&amp#27;[0;31m	at org.hibernate.loader.plan.exec.process.internal.AbstractRowReader.finishUp(AbstractRowReader.java:209)&amp#27;[0m
&amp#27;[0;31m	at org.hibernate.loader.plan.exec.process.internal.ResultSetProcessorImpl.extractResults(ResultSetProcessorImpl.java:133)&amp#27;[0m
&amp#27;[0;31m	at org.hibernate.loader.plan.exec.internal.AbstractLoadPlanBasedLoader.executeLoad(AbstractLoadPlanBasedLoader.java:122)&amp#27;[0m
&amp#27;[0;31m	at org.hibernate.loader.plan.exec.internal.AbstractLoadPlanBasedLoader.executeLoad(AbstractLoadPlanBasedLoader.java:86)&amp#27;[0m
&amp#27;[0;31m	at org.hibernate.loader.entity.plan.AbstractLoadPlanBasedEntityLoader.load(AbstractLoadPlanBasedEntityLoader.java:188)&amp#27;[0m
&amp#27;[0;31m	at org.hibernate.persister.entity.AbstractEntityPersister.load(AbstractEntityPersister.java:4269)&amp#27;[0m
&amp#27;[0;31m	at org.hibernate.event.internal.DefaultLoadEventListener.loadFromDatasource(DefaultLoadEventListener.java:511)&amp#27;[0m
&amp#27;[0;31m	at org.hibernate.event.internal.DefaultLoadEventListener.doLoad(DefaultLoadEventListener.java:481)&amp#27;[0m
&amp#27;[0;31m	at org.hibernate.event.internal.DefaultLoadEventListener.load(DefaultLoadEventListener.java:222)&amp#27;[0m
&amp#27;[0;31m	at org.hibernate.event.internal.DefaultLoadEventListener.proxyOrLoad(DefaultLoadEventListener.java:281)&amp#27;[0m
&amp#27;[0;31m	at org.hibernate.event.internal.DefaultLoadEventListener.doOnLoad(DefaultLoadEventListener.java:124)&amp#27;[0m
&amp#27;[0;31m	at org.hibernate.event.internal.DefaultLoadEventListener.onLoad(DefaultLoadEventListener.java:92)&amp#27;[0m
&amp#27;[0;31m	at org.hibernate.internal.SessionImpl.fireLoad(SessionImpl.java:1257)&amp#27;[0m
&amp#27;[0;31m	at org.hibernate.internal.SessionImpl.internalLoad(SessionImpl.java:1140)&amp#27;[0m
&amp#27;[0;31m	at org.hibernate.type.EntityType.resolveIdentifier(EntityType.java:682)&amp#27;[0m
&amp#27;[0;31m	at org.hibernate.type.EntityType.resolve(EntityType.java:464)&amp#27;[0m
&amp#27;[0;31m	at org.hibernate.type.ManyToOneType.resolve(ManyToOneType.java:239)&amp#27;[0m
&amp#27;[0;31m	at org.hibernate.engine.internal.TwoPhaseLoad.doInitializeEntity(TwoPhaseLoad.java:172)&amp#27;[0m
&amp#27;[0;31m	at org.hibernate.engine.internal.TwoPhaseLoad.initializeEntity(TwoPhaseLoad.java:129)&amp#27;[0m
&amp#27;[0;31m	at org.hibernate.loader.Loader.initializeEntitiesAndCollections(Loader.java:1151)&amp#27;[0m
&amp#27;[0;31m	at org.hibernate.loader.Loader.processResultSet(Loader.java:1010)&amp#27;[0m
&amp#27;[0;31m	at org.hibernate.loader.Loader.doQuery(Loader.java:948)&amp#27;[0m
&amp#27;[0;31m	at org.hibernate.loader.Loader.doQueryAndInitializeNonLazyCollections(Loader.java:340)&amp#27;[0m
&amp#27;[0;31m	at org.hibernate.loader.Loader.doList(Loader.java:2689)&amp#27;[0m
&amp#27;[0;31m	at org.hibernate.loader.Loader.doList(Loader.java:2672)&amp#27;[0m
&amp#27;[0;31m	at org.hibernate.loader.Loader.listIgnoreQueryCache(Loader.java:2506)&amp#27;[0m
&amp#27;[0;31m	at org.hibernate.loader.Loader.list(Loader.java:2501)&amp#27;[0m
&amp#27;[0;31m	at org.hibernate.loader.hql.QueryLoader.list(QueryLoader.java:504)&amp#27;[0m
&amp#27;[0;31m	at org.hibernate.hql.internal.ast.QueryTranslatorImpl.list(QueryTranslatorImpl.java:395)&amp#27;[0m
&amp#27;[0;31m	at org.hibernate.engine.query.spi.HQLQueryPlan.performList(HQLQueryPlan.java:220)&amp#27;[0m
&amp#27;[0;31m	at org.hibernate.internal.SessionImpl.list(SessionImpl.java:1508)&amp#27;[0m
&amp#27;[0;31m	at org.hibernate.query.internal.AbstractProducedQuery.doList(AbstractProducedQuery.java:1537)&amp#27;[0m
&amp#27;[0;31m	at org.hibernate.query.internal.AbstractProducedQuery.list(AbstractProducedQuery.java:1505)&amp#27;[0m
&amp#27;[0;31m	at org.hibernate.query.Query.getResultList(Query.java:135)&amp#27;[0m
&amp#27;[0;31m	at org.hibernate.query.criteria.internal.compile.CriteriaQueryTypeQueryAdapter.getResultList(CriteriaQueryTypeQueryAdapter.java:74)&amp#27;[0m
&amp#27;[0;31m	at org.springframework.data.jpa.repository.support.SimpleJpaRepository.findAll(SimpleJpaRepository.java:306)&amp#27;[0m
&amp#27;[0;31m	at org.springframework.data.jpa.repository.support.SimpleJpaRepository.findAll(SimpleJpaRepository.java:73)&amp#27;[0m
&amp#27;[0;31m	at java.base/jdk.internal.reflect.NativeMethodAccessorImpl.invoke0(Native Method)&amp#27;[0m
&amp#27;[0;31m	at java.base/jdk.internal.reflect.NativeMethodAccessorImpl.invoke(NativeMethodAccessorImpl.java:77)&amp#27;[0m
&amp#27;[0;31m	at java.base/jdk.internal.reflect.DelegatingMethodAccessorImpl.invoke(DelegatingMethodAccessorImpl.java:43)&amp#27;[0m
&amp#27;[0;31m	at java.base/java.lang.reflect.Method.invoke(Method.java:568)&amp#27;[0m
&amp#27;[0;31m	at org.springframework.data.repository.core.support.RepositoryComposition$RepositoryFragments.invoke(RepositoryComposition.java:359)&amp#27;[0m
&amp#27;[0;31m	at org.springframework.data.repository.core.support.RepositoryComposition.invoke(RepositoryComposition.java:200)&amp#27;[0m
&amp#27;[0;31m	at org.springframework.data.repository.core.support.RepositoryFactorySupport$ImplementationMethodExecutionInterceptor.invoke(RepositoryFactorySupport.java:644)&amp#27;[0m
&amp#27;[0;31m	at org.springframework.aop.framework.ReflectiveMethodInvocation.proceed(ReflectiveMethodInvocation.java:186)&amp#27;[0m
&amp#27;[0;31m	at org.springframework.data.repository.core.support.RepositoryFactorySupport$QueryExecutorMethodInterceptor.doInvoke(RepositoryFactorySupport.java:608)&amp#27;[0m
&amp#27;[0;31m	at org.springframework.data.repository.core.support.RepositoryFactorySupport$QueryExecutorMethodInterceptor.lambda$invoke$3(RepositoryFactorySupport.java:595)&amp#27;[0m
&amp#27;[0;31m	at org.springframework.data.repository.core.support.RepositoryFactorySupport$QueryExecutorMethodInterceptor.invoke(RepositoryFactorySupport.java:595)&amp#27;[0m
&amp#27;[0;31m	at org.springframework.aop.framework.ReflectiveMethodInvocation.proceed(ReflectiveMethodInvocation.java:186)&amp#27;[0m
&amp#27;[0;31m	at org.springframework.data.projection.DefaultMethodInvokingMethodInterceptor.invoke(DefaultMethodInvokingMethodInterceptor.java:59)&amp#27;[0m
&amp#27;[0;31m	at org.springframework.aop.framework.ReflectiveMethodInvocation.proceed(ReflectiveMethodInvocation.java:186)&amp#27;[0m
&amp#27;[0;31m	at org.springframework.transaction.interceptor.TransactionAspectSupport.invokeWithinTransaction(TransactionAspectSupport.java:294)&amp#27;[0m
&amp#27;[0;31m	at org.springframework.transaction.interceptor.TransactionInterceptor.invoke(TransactionInterceptor.java:98)&amp#27;[0m
&amp#27;[0;31m	at org.springframework.aop.framework.ReflectiveMethodInvocation.proceed(ReflectiveMethodInvocation.java:186)&amp#27;[0m
&amp#27;[0;31m	at org.springframework.dao.support.PersistenceExceptionTranslationInterceptor.invoke(PersistenceExceptionTranslationInterceptor.java:139)&amp#27;[0m
&amp#27;[0;31m	... 85 more&amp#27;[0m
]]></system-out>
  </testcase>
</testsuite>