<?xml version="1.0" encoding="UTF-8"?>
<testsuite name="com.hackerrank.stocktrade.requests.ResourcesControllerTest" tests="1" failures="0" errors="0" skipped="0" time="3.973">
  <testcase classname="com.hackerrank.stocktrade.requests.ResourcesControllerTest" name="com.hackerrank.stocktrade.requests.ResourcesControllerTest.eraseAllRecords" time="3.973" />
</testsuite>

