<?xml version="1.0" encoding="UTF-8"?>
<testsuite name="com.hackerrank.stocktrade.requests.NoResourcesStocksControllerTest" tests="1" failures="0" errors="0" skipped="0" time="4.816">
  <testcase classname="com.hackerrank.stocktrade.requests.NoResourcesStocksControllerTest" name="com.hackerrank.stocktrade.requests.NoResourcesStocksControllerTest.findHighestAndLowestPriceByNonExistingStockSymbolInDateRange" time="4.816" />
</testsuite>

